This file contains any messages produced by compilers while
running configure, to aid debugging if configure makes a mistake.

It was created by configure, which was
generated by GNU Autoconf 2.64.  Invocation command line was

  $ /root/build-zbl/binutils-2.28/libiberty/configure --srcdir=.././libiberty --cache-file=./config.cache --with-gnu-as --with-gnu-ld --program-transform-name=s&^&i386-zbl-& --disable-option-checking --build=x86_64-pc-linux-gnu --host=x86_64-pc-linux-gnu --target=i386-zbl

## --------- ##
## Platform. ##
## --------- ##

hostname = linux.suse
uname -m = x86_64
uname -r = 4.4.62-18.6-default
uname -s = Linux
uname -v = #1 SMP Fri Apr 21 16:14:48 UTC 2017 (84f9824)

/usr/bin/uname -p = x86_64
/bin/uname -X     = unknown

/bin/arch              = x86_64
/usr/bin/arch -k       = unknown
/usr/convex/getsysinfo = unknown
/usr/bin/hostinfo      = unknown
/bin/machine           = unknown
/usr/bin/oslevel       = unknown
/bin/universe          = unknown

PATH: /sbin
PATH: /usr/sbin
PATH: /usr/local/sbin
PATH: /root/bin
PATH: /usr/local/bin
PATH: /usr/bin
PATH: /bin
PATH: /usr/bin/X11
PATH: /usr/games
PATH: /usr/lib/mit/bin
PATH: /usr/lib/mit/sbin


## ----------- ##
## Core tests. ##
## ----------- ##

configure:2323: loading site script /usr/share/site/x86_64-unknown-linux-gnu
| #!/bin/sh
| # Site script for configure. It is resourced via $CONFIG_SITE environment varaible.
| 
| # If user did not specify libdir, guess the correct target:
| # Use lib64 for 64 bit bi-arch targets, keep the default for the rest.
| if test "$libdir" = '${exec_prefix}/lib' ; then
| 
| 	ac_config_site_64bit_host=NONE
| 
| 	case "$host" in
| 	"" )
| 		# User did not specify host target.
| 		# The native platform x86_64 is a bi-arch platform.
| 		# Try to detect cross-compilation to inferior architecture.
| 
| 		# We are trying to guess 32-bit target compilation. It's not as easy as
| 		# it sounds, as there is possible several intermediate combinations.
| 		ac_config_site_cross_to_32bit_host=NONE
| 
| 		# User defined -m32 in CFLAGS or CXXFLAGS or CC or CXX:
| 		# (It's sufficient for 32-bit, but alone may cause mis-behavior of some checks.)
| 		case "$CFLAGS $CXXFLAGS $CC $CXX" in
| 		*-m32*)
| 			ac_config_site_cross_to_32bit_host=YES
| 			;;
| 		esac
| 
| 		# Running with linux32:
| 		# (Changes detected platform, but not the toolchain target.)
| 		case "`/bin/uname -i`" in
| 		x86_64 | ppc64 | s390x )
| 			;;
| 		* )
| 			ac_config_site_cross_to_32bit_host=YES
| 			;;
| 		esac
| 
| 		if test "x$ac_config_site_cross_to_32bit_host" = xNONE; then
| 			ac_config_site_64bit_host=YES
| 		fi
| 
| 		;;
| 	*x86_64* | *ppc64* | *s390x* )
| 		ac_config_site_64bit_host=YES
| 		;;
| 	esac
| 
| 	if test "x$ac_config_site_64bit_host" = xYES; then
| 		libdir='${exec_prefix}/lib64'
| 	fi
| fi
| 
| # If user did not specify libexecdir, set the correct target:
| # Nor FHS nor openSUSE allow prefix/libexec. Let's default to prefix/lib.
| 
| if test "$libexecdir" = '${exec_prefix}/libexec' ; then
| 	libexecdir='${exec_prefix}/lib'
| fi
| 
| # Continue with the standard behavior of configure defined in AC_SITE_LOAD:
| if test "x$prefix" != xNONE; then
| 	ac_site_file1=$prefix/share/config.site
| 	ac_site_file2=$prefix/etc/config.site
| else
| 	ac_site_file1=$ac_default_prefix/share/config.site
| 	ac_site_file2=$ac_default_prefix/etc/config.site
| fi
| for ac_site_file in "$ac_site_file1" "$ac_site_file2"
| do
| 	test "x$ac_site_file" = xNONE && continue
| 	if test /dev/null != "$ac_site_file" && test -r "$ac_site_file"; then
| 		{ $as_echo "/usr/share/site/x86_64-unknown-linux-gnu:${as_lineno-$LINENO}: loading site script $ac_site_file" >&5
| $as_echo "/usr/share/site/x86_64-unknown-linux-gnu: loading site script $ac_site_file" >&6;}
| 		sed 's/^/| /' "$ac_site_file" >&5
| 		. "$ac_site_file" \
| 			|| { { $as_echo "/usr/share/site/x86_64-unknown-linux-gnu:${as_lineno-$LINENO}: error: in \`$ac_pwd':" >&5
| $as_echo "/usr/share/site/x86_64-unknown-linux-gnu: error: in \`$ac_pwd':" >&2;}
| as_fn_error $? "failed to load site script $ac_site_file
| See \`config.log' for more details" "$LINENO" 5; }
| 	fi
| done
configure:2342: creating cache ./config.cache
configure:2493: checking whether to enable maintainer-specific portions of Makefiles
configure:2503: result: no
configure:2518: checking for makeinfo
configure:2545: result: makeinfo --split-size=5000000
configure:2585: checking for perl
configure:2601: found /usr/bin/perl
configure:2612: result: perl
configure:2631: checking build system type
configure:2645: result: x86_64-pc-linux-gnu
configure:2665: checking host system type
configure:2678: result: x86_64-pc-linux-gnu
configure:2703: checking for x86_64-pc-linux-gnu-ar
configure:2730: result: ar
configure:2795: checking for x86_64-pc-linux-gnu-ranlib
configure:2822: result: ranlib
configure:2907: checking whether to install libiberty headers and static library
configure:2930: result: no
configure:2932: target_header_dir = 
configure:2944: checking for x86_64-pc-linux-gnu-gcc
configure:2971: result: gcc
configure:3240: checking for C compiler version
configure:3249: gcc --version >&5
gcc (SUSE Linux) 4.8.5
Copyright (C) 2015 Free Software Foundation, Inc.
This is free software; see the source for copying conditions.  There is NO
warranty; not even for MERCHANTABILITY or FITNESS FOR A PARTICULAR PURPOSE.

configure:3260: $? = 0
configure:3249: gcc -v >&5
Using built-in specs.
COLLECT_GCC=gcc
COLLECT_LTO_WRAPPER=/usr/lib64/gcc/x86_64-suse-linux/4.8/lto-wrapper
Target: x86_64-suse-linux
Configured with: ../configure --prefix=/usr --infodir=/usr/share/info --mandir=/usr/share/man --libdir=/usr/lib64 --libexecdir=/usr/lib64 --enable-languages=c,c++,objc,fortran,obj-c++,java,ada --enable-checking=release --with-gxx-include-dir=/usr/include/c++/4.8 --enable-ssp --disable-libssp --disable-plugin --with-bugurl=http://bugs.opensuse.org/ --with-pkgversion='SUSE Linux' --disable-libgcj --disable-libmudflap --with-slibdir=/lib64 --with-system-zlib --enable-__cxa_atexit --enable-libstdcxx-allocator=new --disable-libstdcxx-pch --enable-version-specific-runtime-libs --enable-linker-build-id --enable-linux-futex --program-suffix=-4.8 --without-system-libunwind --with-arch-32=i586 --with-tune=generic --build=x86_64-suse-linux --host=x86_64-suse-linux
Thread model: posix
gcc version 4.8.5 (SUSE Linux) 
configure:3260: $? = 0
configure:3249: gcc -V >&5
gcc: error: unrecognized command line option '-V'
gcc: fatal error: no input files
compilation terminated.
configure:3260: $? = 1
configure:3249: gcc -qversion >&5
gcc: error: unrecognized command line option '-qversion'
gcc: fatal error: no input files
compilation terminated.
configure:3260: $? = 1
configure:3276: gcc -o conftest -g -O2  -static-libstdc++ -static-libgcc  conftest.c  >&5
configure:3279: $? = 0
configure:3308: checking for C compiler default output file name
configure:3330: gcc -g -O2  -static-libstdc++ -static-libgcc  conftest.c  >&5
configure:3334: $? = 0
configure:3371: result: a.out
configure:3387: checking whether the C compiler works
configure:3396: ./a.out
configure:3400: $? = 0
configure:3415: result: yes
configure:3422: checking whether we are cross compiling
configure:3424: result: no
configure:3427: checking for suffix of executables
configure:3434: gcc -o conftest -g -O2  -static-libstdc++ -static-libgcc  conftest.c  >&5
configure:3438: $? = 0
configure:3460: result: 
configure:3467: checking for suffix of object files
configure:3489: gcc -c -g -O2  conftest.c >&5
configure:3493: $? = 0
configure:3514: result: o
configure:3518: checking whether we are using the GNU C compiler
configure:3537: gcc -c -g -O2  conftest.c >&5
configure:3537: $? = 0
configure:3546: result: yes
configure:3555: checking whether gcc accepts -g
configure:3575: gcc -c -g  conftest.c >&5
configure:3575: $? = 0
configure:3616: result: yes
configure:3633: checking for gcc option to accept ISO C89
configure:3697: gcc  -c -g -O2  conftest.c >&5
configure:3697: $? = 0
configure:3710: result: none needed
configure:3736: checking how to run the C preprocessor
configure:3767: gcc -E  conftest.c
configure:3767: $? = 0
configure:3781: gcc -E  conftest.c
conftest.c:9:28: fatal error: ac_nonexistent.h: No such file or directory
 #include <ac_nonexistent.h>
                            ^
compilation terminated.
configure:3781: $? = 1
configure: failed program was:
| /* confdefs.h */
| #define PACKAGE_NAME ""
| #define PACKAGE_TARNAME ""
| #define PACKAGE_VERSION ""
| #define PACKAGE_STRING ""
| #define PACKAGE_BUGREPORT ""
| #define PACKAGE_URL ""
| /* end confdefs.h.  */
| #include <ac_nonexistent.h>
configure:3806: result: gcc -E
configure:3826: gcc -E  conftest.c
configure:3826: $? = 0
configure:3840: gcc -E  conftest.c
conftest.c:9:28: fatal error: ac_nonexistent.h: No such file or directory
 #include <ac_nonexistent.h>
                            ^
compilation terminated.
configure:3840: $? = 1
configure: failed program was:
| /* confdefs.h */
| #define PACKAGE_NAME ""
| #define PACKAGE_TARNAME ""
| #define PACKAGE_VERSION ""
| #define PACKAGE_STRING ""
| #define PACKAGE_BUGREPORT ""
| #define PACKAGE_URL ""
| /* end confdefs.h.  */
| #include <ac_nonexistent.h>
configure:3869: checking for grep that handles long lines and -e
configure:3927: result: /usr/bin/grep
configure:3932: checking for egrep
configure:3994: result: /usr/bin/grep -E
configure:3999: checking for ANSI C header files
configure:4019: gcc -c -g -O2  conftest.c >&5
configure:4019: $? = 0
configure:4092: gcc -o conftest -g -O2  -static-libstdc++ -static-libgcc  conftest.c  >&5
configure:4092: $? = 0
configure:4092: ./conftest
configure:4092: $? = 0
configure:4103: result: yes
configure:4116: checking for sys/types.h
configure:4116: gcc -c -g -O2  conftest.c >&5
configure:4116: $? = 0
configure:4116: result: yes
configure:4116: checking for sys/stat.h
configure:4116: gcc -c -g -O2  conftest.c >&5
configure:4116: $? = 0
configure:4116: result: yes
configure:4116: checking for stdlib.h
configure:4116: gcc -c -g -O2  conftest.c >&5
configure:4116: $? = 0
configure:4116: result: yes
configure:4116: checking for string.h
configure:4116: gcc -c -g -O2  conftest.c >&5
configure:4116: $? = 0
configure:4116: result: yes
configure:4116: checking for memory.h
configure:4116: gcc -c -g -O2  conftest.c >&5
configure:4116: $? = 0
configure:4116: result: yes
configure:4116: checking for strings.h
configure:4116: gcc -c -g -O2  conftest.c >&5
configure:4116: $? = 0
configure:4116: result: yes
configure:4116: checking for inttypes.h
configure:4116: gcc -c -g -O2  conftest.c >&5
configure:4116: $? = 0
configure:4116: result: yes
configure:4116: checking for stdint.h
configure:4116: gcc -c -g -O2  conftest.c >&5
configure:4116: $? = 0
configure:4116: result: yes
configure:4116: checking for unistd.h
configure:4116: gcc -c -g -O2  conftest.c >&5
configure:4116: $? = 0
configure:4116: result: yes
configure:4130: checking minix/config.h usability
configure:4130: gcc -c -g -O2  conftest.c >&5
conftest.c:52:26: fatal error: minix/config.h: No such file or directory
 #include <minix/config.h>
                          ^
compilation terminated.
configure:4130: $? = 1
configure: failed program was:
| /* confdefs.h */
| #define PACKAGE_NAME ""
| #define PACKAGE_TARNAME ""
| #define PACKAGE_VERSION ""
| #define PACKAGE_STRING ""
| #define PACKAGE_BUGREPORT ""
| #define PACKAGE_URL ""
| #define STDC_HEADERS 1
| #define HAVE_SYS_TYPES_H 1
| #define HAVE_SYS_STAT_H 1
| #define HAVE_STDLIB_H 1
| #define HAVE_STRING_H 1
| #define HAVE_MEMORY_H 1
| #define HAVE_STRINGS_H 1
| #define HAVE_INTTYPES_H 1
| #define HAVE_STDINT_H 1
| #define HAVE_UNISTD_H 1
| /* end confdefs.h.  */
| #include <stdio.h>
| #ifdef HAVE_SYS_TYPES_H
| # include <sys/types.h>
| #endif
| #ifdef HAVE_SYS_STAT_H
| # include <sys/stat.h>
| #endif
| #ifdef STDC_HEADERS
| # include <stdlib.h>
| # include <stddef.h>
| #else
| # ifdef HAVE_STDLIB_H
| #  include <stdlib.h>
| # endif
| #endif
| #ifdef HAVE_STRING_H
| # if !defined STDC_HEADERS && defined HAVE_MEMORY_H
| #  include <memory.h>
| # endif
| # include <string.h>
| #endif
| #ifdef HAVE_STRINGS_H
| # include <strings.h>
| #endif
| #ifdef HAVE_INTTYPES_H
| # include <inttypes.h>
| #endif
| #ifdef HAVE_STDINT_H
| # include <stdint.h>
| #endif
| #ifdef HAVE_UNISTD_H
| # include <unistd.h>
| #endif
| #include <minix/config.h>
configure:4130: result: no
configure:4130: checking minix/config.h presence
configure:4130: gcc -E  conftest.c
conftest.c:19:26: fatal error: minix/config.h: No such file or directory
 #include <minix/config.h>
                          ^
compilation terminated.
configure:4130: $? = 1
configure: failed program was:
| /* confdefs.h */
| #define PACKAGE_NAME ""
| #define PACKAGE_TARNAME ""
| #define PACKAGE_VERSION ""
| #define PACKAGE_STRING ""
| #define PACKAGE_BUGREPORT ""
| #define PACKAGE_URL ""
| #define STDC_HEADERS 1
| #define HAVE_SYS_TYPES_H 1
| #define HAVE_SYS_STAT_H 1
| #define HAVE_STDLIB_H 1
| #define HAVE_STRING_H 1
| #define HAVE_MEMORY_H 1
| #define HAVE_STRINGS_H 1
| #define HAVE_INTTYPES_H 1
| #define HAVE_STDINT_H 1
| #define HAVE_UNISTD_H 1
| /* end confdefs.h.  */
| #include <minix/config.h>
configure:4130: result: no
configure:4130: checking for minix/config.h
configure:4130: result: no
configure:4151: checking whether it is safe to define __EXTENSIONS__
configure:4169: gcc -c -g -O2  conftest.c >&5
configure:4169: $? = 0
configure:4176: result: yes
configure:4198: checking for special C compiler options needed for large files
configure:4243: result: no
configure:4249: checking for _FILE_OFFSET_BITS value needed for large files
configure:4274: gcc -c -g -O2  conftest.c >&5
configure:4274: $? = 0
configure:4306: result: no
configure:4411: checking whether gcc supports -W
configure:4428: gcc -c -W  conftest.c >&5
configure:4428: $? = 0
configure:4437: result: yes
configure:4411: checking whether gcc supports -Wall
configure:4428: gcc -c -Wall  conftest.c >&5
configure:4428: $? = 0
configure:4437: result: yes
configure:4411: checking whether gcc supports -Wwrite-strings
configure:4428: gcc -c -Wwrite-strings  conftest.c >&5
configure:4428: $? = 0
configure:4437: result: yes
configure:4411: checking whether gcc supports -Wc++-compat
configure:4428: gcc -c -Wc++-compat  conftest.c >&5
configure:4428: $? = 0
configure:4437: result: yes
configure:4411: checking whether gcc supports -Wstrict-prototypes
configure:4428: gcc -c -Wstrict-prototypes  conftest.c >&5
conftest.c:26:1: warning: function declaration isn't a prototype [-Wstrict-prototypes]
 main ()
 ^
configure:4428: $? = 0
configure:4437: result: yes
configure:4411: checking whether gcc supports -Wshadow=local
configure:4428: gcc -c -Wshadow=local  conftest.c >&5
gcc: error: unrecognized command line option '-Wshadow=local'
configure:4428: $? = 1
configure: failed program was:
| /* confdefs.h */
| #define PACKAGE_NAME ""
| #define PACKAGE_TARNAME ""
| #define PACKAGE_VERSION ""
| #define PACKAGE_STRING ""
| #define PACKAGE_BUGREPORT ""
| #define PACKAGE_URL ""
| #define STDC_HEADERS 1
| #define HAVE_SYS_TYPES_H 1
| #define HAVE_SYS_STAT_H 1
| #define HAVE_STDLIB_H 1
| #define HAVE_STRING_H 1
| #define HAVE_MEMORY_H 1
| #define HAVE_STRINGS_H 1
| #define HAVE_INTTYPES_H 1
| #define HAVE_STDINT_H 1
| #define HAVE_UNISTD_H 1
| #define __EXTENSIONS__ 1
| #define _ALL_SOURCE 1
| #define _GNU_SOURCE 1
| #define _POSIX_PTHREAD_SEMANTICS 1
| #define _TANDEM_SOURCE 1
| /* end confdefs.h.  */
| 
| int
| main ()
| {
| 
|   ;
|   return 0;
| }
configure:4437: result: no
configure:4460: checking whether gcc supports -pedantic 
configure:4478: gcc -c -pedantic   conftest.c >&5
configure:4478: $? = 0
configure:4486: result: yes
configure:4502: checking whether gcc and cc understand -c and -o together
configure:4533: gcc -c conftest.c -o conftest2.o >&5
configure:4537: $? = 0
configure:4543: gcc -c conftest.c -o conftest2.o >&5
configure:4547: $? = 0
configure:4558: cc -c conftest.c >&5
configure:4562: $? = 0
configure:4570: cc -c conftest.c -o conftest2.o >&5
configure:4574: $? = 0
configure:4580: cc -c conftest.c -o conftest2.o >&5
configure:4584: $? = 0
configure:4602: result: yes
configure:4621: checking for an ANSI C-conforming const
configure:4686: gcc -c -g -O2  conftest.c >&5
configure:4686: $? = 0
configure:4693: result: yes
configure:4701: checking for inline
configure:4717: gcc -c -g -O2  conftest.c >&5
configure:4717: $? = 0
configure:4725: result: inline
configure:4743: checking whether byte ordering is bigendian
configure:4758: gcc -c -g -O2  conftest.c >&5
conftest.c:25:9: error: unknown type name 'not'
         not a universal capable compiler
         ^
conftest.c:25:15: error: expected '=', ',', ';', 'asm' or '__attribute__' before 'universal'
         not a universal capable compiler
               ^
conftest.c:25:15: error: unknown type name 'universal'
configure:4758: $? = 1
configure: failed program was:
| /* confdefs.h */
| #define PACKAGE_NAME ""
| #define PACKAGE_TARNAME ""
| #define PACKAGE_VERSION ""
| #define PACKAGE_STRING ""
| #define PACKAGE_BUGREPORT ""
| #define PACKAGE_URL ""
| #define STDC_HEADERS 1
| #define HAVE_SYS_TYPES_H 1
| #define HAVE_SYS_STAT_H 1
| #define HAVE_STDLIB_H 1
| #define HAVE_STRING_H 1
| #define HAVE_MEMORY_H 1
| #define HAVE_STRINGS_H 1
| #define HAVE_INTTYPES_H 1
| #define HAVE_STDINT_H 1
| #define HAVE_UNISTD_H 1
| #define __EXTENSIONS__ 1
| #define _ALL_SOURCE 1
| #define _GNU_SOURCE 1
| #define _POSIX_PTHREAD_SEMANTICS 1
| #define _TANDEM_SOURCE 1
| /* end confdefs.h.  */
| #ifndef __APPLE_CC__
| 	       not a universal capable compiler
| 	     #endif
| 	     typedef int dummy;
| 
configure:4803: gcc -c -g -O2  conftest.c >&5
configure:4803: $? = 0
configure:4821: gcc -c -g -O2  conftest.c >&5
conftest.c: In function 'main':
conftest.c:31:4: error: unknown type name 'not'
    not big endian
    ^
conftest.c:31:12: error: expected '=', ',', ';', 'asm' or '__attribute__' before 'endian'
    not big endian
            ^
configure:4821: $? = 1
configure: failed program was:
| /* confdefs.h */
| #define PACKAGE_NAME ""
| #define PACKAGE_TARNAME ""
| #define PACKAGE_VERSION ""
| #define PACKAGE_STRING ""
| #define PACKAGE_BUGREPORT ""
| #define PACKAGE_URL ""
| #define STDC_HEADERS 1
| #define HAVE_SYS_TYPES_H 1
| #define HAVE_SYS_STAT_H 1
| #define HAVE_STDLIB_H 1
| #define HAVE_STRING_H 1
| #define HAVE_MEMORY_H 1
| #define HAVE_STRINGS_H 1
| #define HAVE_INTTYPES_H 1
| #define HAVE_STDINT_H 1
| #define HAVE_UNISTD_H 1
| #define __EXTENSIONS__ 1
| #define _ALL_SOURCE 1
| #define _GNU_SOURCE 1
| #define _POSIX_PTHREAD_SEMANTICS 1
| #define _TANDEM_SOURCE 1
| /* end confdefs.h.  */
| #include <sys/types.h>
| 		#include <sys/param.h>
| 
| int
| main ()
| {
| #if BYTE_ORDER != BIG_ENDIAN
| 		 not big endian
| 		#endif
| 
|   ;
|   return 0;
| }
configure:4949: result: no
configure:4988: checking for a BSD-compatible install
configure:5056: result: /usr/bin/install -c
configure:5221: checking for sys/file.h
configure:5221: gcc -E  conftest.c
configure:5221: $? = 0
configure:5221: result: yes
configure:5221: checking for sys/param.h
configure:5221: gcc -E  conftest.c
configure:5221: $? = 0
configure:5221: result: yes
configure:5221: checking for limits.h
configure:5221: gcc -E  conftest.c
configure:5221: $? = 0
configure:5221: result: yes
configure:5221: checking for stdlib.h
configure:5221: result: yes
configure:5221: checking for malloc.h
configure:5221: gcc -E  conftest.c
configure:5221: $? = 0
configure:5221: result: yes
configure:5221: checking for string.h
configure:5221: result: yes
configure:5221: checking for unistd.h
configure:5221: result: yes
configure:5221: checking for strings.h
configure:5221: result: yes
configure:5221: checking for sys/time.h
configure:5221: gcc -E  conftest.c
configure:5221: $? = 0
configure:5221: result: yes
configure:5221: checking for time.h
configure:5221: gcc -E  conftest.c
configure:5221: $? = 0
configure:5221: result: yes
configure:5221: checking for sys/resource.h
configure:5221: gcc -E  conftest.c
configure:5221: $? = 0
configure:5221: result: yes
configure:5221: checking for sys/stat.h
configure:5221: result: yes
configure:5221: checking for sys/mman.h
configure:5221: gcc -E  conftest.c
configure:5221: $? = 0
configure:5221: result: yes
configure:5221: checking for fcntl.h
configure:5221: gcc -E  conftest.c
configure:5221: $? = 0
configure:5221: result: yes
configure:5221: checking for alloca.h
configure:5221: gcc -E  conftest.c
configure:5221: $? = 0
configure:5221: result: yes
configure:5221: checking for sys/pstat.h
configure:5221: gcc -E  conftest.c
conftest.c:39:23: fatal error: sys/pstat.h: No such file or directory
 #include <sys/pstat.h>
                       ^
compilation terminated.
configure:5221: $? = 1
configure: failed program was:
| /* confdefs.h */
| #define PACKAGE_NAME ""
| #define PACKAGE_TARNAME ""
| #define PACKAGE_VERSION ""
| #define PACKAGE_STRING ""
| #define PACKAGE_BUGREPORT ""
| #define PACKAGE_URL ""
| #define STDC_HEADERS 1
| #define HAVE_SYS_TYPES_H 1
| #define HAVE_SYS_STAT_H 1
| #define HAVE_STDLIB_H 1
| #define HAVE_STRING_H 1
| #define HAVE_MEMORY_H 1
| #define HAVE_STRINGS_H 1
| #define HAVE_INTTYPES_H 1
| #define HAVE_STDINT_H 1
| #define HAVE_UNISTD_H 1
| #define __EXTENSIONS__ 1
| #define _ALL_SOURCE 1
| #define _GNU_SOURCE 1
| #define _POSIX_PTHREAD_SEMANTICS 1
| #define _TANDEM_SOURCE 1
| #define HAVE_SYS_FILE_H 1
| #define HAVE_SYS_PARAM_H 1
| #define HAVE_LIMITS_H 1
| #define HAVE_STDLIB_H 1
| #define HAVE_MALLOC_H 1
| #define HAVE_STRING_H 1
| #define HAVE_UNISTD_H 1
| #define HAVE_STRINGS_H 1
| #define HAVE_SYS_TIME_H 1
| #define HAVE_TIME_H 1
| #define HAVE_SYS_RESOURCE_H 1
| #define HAVE_SYS_STAT_H 1
| #define HAVE_SYS_MMAN_H 1
| #define HAVE_FCNTL_H 1
| #define HAVE_ALLOCA_H 1
| /* end confdefs.h.  */
| #include <sys/pstat.h>
configure:5221: result: no
configure:5221: checking for sys/sysmp.h
configure:5221: gcc -E  conftest.c
conftest.c:39:23: fatal error: sys/sysmp.h: No such file or directory
 #include <sys/sysmp.h>
                       ^
compilation terminated.
configure:5221: $? = 1
configure: failed program was:
| /* confdefs.h */
| #define PACKAGE_NAME ""
| #define PACKAGE_TARNAME ""
| #define PACKAGE_VERSION ""
| #define PACKAGE_STRING ""
| #define PACKAGE_BUGREPORT ""
| #define PACKAGE_URL ""
| #define STDC_HEADERS 1
| #define HAVE_SYS_TYPES_H 1
| #define HAVE_SYS_STAT_H 1
| #define HAVE_STDLIB_H 1
| #define HAVE_STRING_H 1
| #define HAVE_MEMORY_H 1
| #define HAVE_STRINGS_H 1
| #define HAVE_INTTYPES_H 1
| #define HAVE_STDINT_H 1
| #define HAVE_UNISTD_H 1
| #define __EXTENSIONS__ 1
| #define _ALL_SOURCE 1
| #define _GNU_SOURCE 1
| #define _POSIX_PTHREAD_SEMANTICS 1
| #define _TANDEM_SOURCE 1
| #define HAVE_SYS_FILE_H 1
| #define HAVE_SYS_PARAM_H 1
| #define HAVE_LIMITS_H 1
| #define HAVE_STDLIB_H 1
| #define HAVE_MALLOC_H 1
| #define HAVE_STRING_H 1
| #define HAVE_UNISTD_H 1
| #define HAVE_STRINGS_H 1
| #define HAVE_SYS_TIME_H 1
| #define HAVE_TIME_H 1
| #define HAVE_SYS_RESOURCE_H 1
| #define HAVE_SYS_STAT_H 1
| #define HAVE_SYS_MMAN_H 1
| #define HAVE_FCNTL_H 1
| #define HAVE_ALLOCA_H 1
| /* end confdefs.h.  */
| #include <sys/sysmp.h>
configure:5221: result: no
configure:5221: checking for sys/sysinfo.h
configure:5221: gcc -E  conftest.c
configure:5221: $? = 0
configure:5221: result: yes
configure:5221: checking for machine/hal_sysinfo.h
configure:5221: gcc -E  conftest.c
conftest.c:40:33: fatal error: machine/hal_sysinfo.h: No such file or directory
 #include <machine/hal_sysinfo.h>
                                 ^
compilation terminated.
configure:5221: $? = 1
configure: failed program was:
| /* confdefs.h */
| #define PACKAGE_NAME ""
| #define PACKAGE_TARNAME ""
| #define PACKAGE_VERSION ""
| #define PACKAGE_STRING ""
| #define PACKAGE_BUGREPORT ""
| #define PACKAGE_URL ""
| #define STDC_HEADERS 1
| #define HAVE_SYS_TYPES_H 1
| #define HAVE_SYS_STAT_H 1
| #define HAVE_STDLIB_H 1
| #define HAVE_STRING_H 1
| #define HAVE_MEMORY_H 1
| #define HAVE_STRINGS_H 1
| #define HAVE_INTTYPES_H 1
| #define HAVE_STDINT_H 1
| #define HAVE_UNISTD_H 1
| #define __EXTENSIONS__ 1
| #define _ALL_SOURCE 1
| #define _GNU_SOURCE 1
| #define _POSIX_PTHREAD_SEMANTICS 1
| #define _TANDEM_SOURCE 1
| #define HAVE_SYS_FILE_H 1
| #define HAVE_SYS_PARAM_H 1
| #define HAVE_LIMITS_H 1
| #define HAVE_STDLIB_H 1
| #define HAVE_MALLOC_H 1
| #define HAVE_STRING_H 1
| #define HAVE_UNISTD_H 1
| #define HAVE_STRINGS_H 1
| #define HAVE_SYS_TIME_H 1
| #define HAVE_TIME_H 1
| #define HAVE_SYS_RESOURCE_H 1
| #define HAVE_SYS_STAT_H 1
| #define HAVE_SYS_MMAN_H 1
| #define HAVE_FCNTL_H 1
| #define HAVE_ALLOCA_H 1
| #define HAVE_SYS_SYSINFO_H 1
| /* end confdefs.h.  */
| #include <machine/hal_sysinfo.h>
configure:5221: result: no
configure:5221: checking for sys/table.h
configure:5221: gcc -E  conftest.c
conftest.c:40:23: fatal error: sys/table.h: No such file or directory
 #include <sys/table.h>
                       ^
compilation terminated.
configure:5221: $? = 1
configure: failed program was:
| /* confdefs.h */
| #define PACKAGE_NAME ""
| #define PACKAGE_TARNAME ""
| #define PACKAGE_VERSION ""
| #define PACKAGE_STRING ""
| #define PACKAGE_BUGREPORT ""
| #define PACKAGE_URL ""
| #define STDC_HEADERS 1
| #define HAVE_SYS_TYPES_H 1
| #define HAVE_SYS_STAT_H 1
| #define HAVE_STDLIB_H 1
| #define HAVE_STRING_H 1
| #define HAVE_MEMORY_H 1
| #define HAVE_STRINGS_H 1
| #define HAVE_INTTYPES_H 1
| #define HAVE_STDINT_H 1
| #define HAVE_UNISTD_H 1
| #define __EXTENSIONS__ 1
| #define _ALL_SOURCE 1
| #define _GNU_SOURCE 1
| #define _POSIX_PTHREAD_SEMANTICS 1
| #define _TANDEM_SOURCE 1
| #define HAVE_SYS_FILE_H 1
| #define HAVE_SYS_PARAM_H 1
| #define HAVE_LIMITS_H 1
| #define HAVE_STDLIB_H 1
| #define HAVE_MALLOC_H 1
| #define HAVE_STRING_H 1
| #define HAVE_UNISTD_H 1
| #define HAVE_STRINGS_H 1
| #define HAVE_SYS_TIME_H 1
| #define HAVE_TIME_H 1
| #define HAVE_SYS_RESOURCE_H 1
| #define HAVE_SYS_STAT_H 1
| #define HAVE_SYS_MMAN_H 1
| #define HAVE_FCNTL_H 1
| #define HAVE_ALLOCA_H 1
| #define HAVE_SYS_SYSINFO_H 1
| /* end confdefs.h.  */
| #include <sys/table.h>
configure:5221: result: no
configure:5221: checking for sys/sysctl.h
configure:5221: gcc -E  conftest.c
configure:5221: $? = 0
configure:5221: result: yes
configure:5221: checking for sys/systemcfg.h
configure:5221: gcc -E  conftest.c
conftest.c:41:27: fatal error: sys/systemcfg.h: No such file or directory
 #include <sys/systemcfg.h>
                           ^
compilation terminated.
configure:5221: $? = 1
configure: failed program was:
| /* confdefs.h */
| #define PACKAGE_NAME ""
| #define PACKAGE_TARNAME ""
| #define PACKAGE_VERSION ""
| #define PACKAGE_STRING ""
| #define PACKAGE_BUGREPORT ""
| #define PACKAGE_URL ""
| #define STDC_HEADERS 1
| #define HAVE_SYS_TYPES_H 1
| #define HAVE_SYS_STAT_H 1
| #define HAVE_STDLIB_H 1
| #define HAVE_STRING_H 1
| #define HAVE_MEMORY_H 1
| #define HAVE_STRINGS_H 1
| #define HAVE_INTTYPES_H 1
| #define HAVE_STDINT_H 1
| #define HAVE_UNISTD_H 1
| #define __EXTENSIONS__ 1
| #define _ALL_SOURCE 1
| #define _GNU_SOURCE 1
| #define _POSIX_PTHREAD_SEMANTICS 1
| #define _TANDEM_SOURCE 1
| #define HAVE_SYS_FILE_H 1
| #define HAVE_SYS_PARAM_H 1
| #define HAVE_LIMITS_H 1
| #define HAVE_STDLIB_H 1
| #define HAVE_MALLOC_H 1
| #define HAVE_STRING_H 1
| #define HAVE_UNISTD_H 1
| #define HAVE_STRINGS_H 1
| #define HAVE_SYS_TIME_H 1
| #define HAVE_TIME_H 1
| #define HAVE_SYS_RESOURCE_H 1
| #define HAVE_SYS_STAT_H 1
| #define HAVE_SYS_MMAN_H 1
| #define HAVE_FCNTL_H 1
| #define HAVE_ALLOCA_H 1
| #define HAVE_SYS_SYSINFO_H 1
| #define HAVE_SYS_SYSCTL_H 1
| /* end confdefs.h.  */
| #include <sys/systemcfg.h>
configure:5221: result: no
configure:5221: checking for stdint.h
configure:5221: result: yes
configure:5221: checking for stdio_ext.h
configure:5221: gcc -E  conftest.c
configure:5221: $? = 0
configure:5221: result: yes
configure:5221: checking for process.h
configure:5221: gcc -E  conftest.c
conftest.c:43:21: fatal error: process.h: No such file or directory
 #include <process.h>
                     ^
compilation terminated.
configure:5221: $? = 1
configure: failed program was:
| /* confdefs.h */
| #define PACKAGE_NAME ""
| #define PACKAGE_TARNAME ""
| #define PACKAGE_VERSION ""
| #define PACKAGE_STRING ""
| #define PACKAGE_BUGREPORT ""
| #define PACKAGE_URL ""
| #define STDC_HEADERS 1
| #define HAVE_SYS_TYPES_H 1
| #define HAVE_SYS_STAT_H 1
| #define HAVE_STDLIB_H 1
| #define HAVE_STRING_H 1
| #define HAVE_MEMORY_H 1
| #define HAVE_STRINGS_H 1
| #define HAVE_INTTYPES_H 1
| #define HAVE_STDINT_H 1
| #define HAVE_UNISTD_H 1
| #define __EXTENSIONS__ 1
| #define _ALL_SOURCE 1
| #define _GNU_SOURCE 1
| #define _POSIX_PTHREAD_SEMANTICS 1
| #define _TANDEM_SOURCE 1
| #define HAVE_SYS_FILE_H 1
| #define HAVE_SYS_PARAM_H 1
| #define HAVE_LIMITS_H 1
| #define HAVE_STDLIB_H 1
| #define HAVE_MALLOC_H 1
| #define HAVE_STRING_H 1
| #define HAVE_UNISTD_H 1
| #define HAVE_STRINGS_H 1
| #define HAVE_SYS_TIME_H 1
| #define HAVE_TIME_H 1
| #define HAVE_SYS_RESOURCE_H 1
| #define HAVE_SYS_STAT_H 1
| #define HAVE_SYS_MMAN_H 1
| #define HAVE_FCNTL_H 1
| #define HAVE_ALLOCA_H 1
| #define HAVE_SYS_SYSINFO_H 1
| #define HAVE_SYS_SYSCTL_H 1
| #define HAVE_STDINT_H 1
| #define HAVE_STDIO_EXT_H 1
| /* end confdefs.h.  */
| #include <process.h>
configure:5221: result: no
configure:5221: checking for sys/prctl.h
configure:5221: gcc -E  conftest.c
configure:5221: $? = 0
configure:5221: result: yes
configure:5231: checking for sys/wait.h that is POSIX.1 compatible
configure:5257: gcc -c -g -O2  conftest.c >&5
configure:5257: $? = 0
configure:5264: result: yes
configure:5272: checking whether time.h and sys/time.h may both be included
configure:5292: gcc -c -g -O2  conftest.c >&5

## ---------------- ##
## Cache variables. ##
## ---------------- ##

ac_cv_build=x86_64-pc-linux-gnu
ac_cv_c_bigendian=no
ac_cv_c_compiler_gnu=yes
ac_cv_c_const=yes
ac_cv_c_inline=inline
ac_cv_env_CC_set=set
ac_cv_env_CC_value=gcc
ac_cv_env_CFLAGS_set=set
ac_cv_env_CFLAGS_value='-g -O2'
ac_cv_env_CPPFLAGS_set=
ac_cv_env_CPPFLAGS_value=
ac_cv_env_CPP_set=
ac_cv_env_CPP_value=
ac_cv_env_LDFLAGS_set=set
ac_cv_env_LDFLAGS_value='-static-libstdc++ -static-libgcc '
ac_cv_env_LIBS_set=
ac_cv_env_LIBS_value=
ac_cv_env_build_alias_set=set
ac_cv_env_build_alias_value=x86_64-pc-linux-gnu
ac_cv_env_host_alias_set=set
ac_cv_env_host_alias_value=x86_64-pc-linux-gnu
ac_cv_env_target_alias_set=set
ac_cv_env_target_alias_value=i386-zbl
ac_cv_header_alloca_h=yes
ac_cv_header_fcntl_h=yes
ac_cv_header_inttypes_h=yes
ac_cv_header_limits_h=yes
ac_cv_header_machine_hal_sysinfo_h=no
ac_cv_header_malloc_h=yes
ac_cv_header_memory_h=yes
ac_cv_header_minix_config_h=no
ac_cv_header_process_h=no
ac_cv_header_stdc=yes
ac_cv_header_stdint_h=yes
ac_cv_header_stdio_ext_h=yes
ac_cv_header_stdlib_h=yes
ac_cv_header_string_h=yes
ac_cv_header_strings_h=yes
ac_cv_header_sys_file_h=yes
ac_cv_header_sys_mman_h=yes
ac_cv_header_sys_param_h=yes
ac_cv_header_sys_prctl_h=yes
ac_cv_header_sys_pstat_h=no
ac_cv_header_sys_resource_h=yes
ac_cv_header_sys_stat_h=yes
ac_cv_header_sys_sysctl_h=yes
ac_cv_header_sys_sysinfo_h=yes
ac_cv_header_sys_sysmp_h=no
ac_cv_header_sys_systemcfg_h=no
ac_cv_header_sys_table_h=no
ac_cv_header_sys_time_h=yes
ac_cv_header_sys_types_h=yes
ac_cv_header_sys_wait_h=yes
ac_cv_header_time_h=yes
ac_cv_header_unistd_h=yes
ac_cv_host=x86_64-pc-linux-gnu
ac_cv_objext=o
ac_cv_path_EGREP='/usr/bin/grep -E'
ac_cv_path_GREP=/usr/bin/grep
ac_cv_prog_AR=ar
ac_cv_prog_CC=gcc
ac_cv_prog_CPP='gcc -E'
ac_cv_prog_MAKEINFO='makeinfo --split-size=5000000'
ac_cv_prog_PERL=perl
ac_cv_prog_RANLIB=ranlib
ac_cv_prog_cc_c89=
ac_cv_prog_cc_g=yes
ac_cv_prog_cc_gcc_c_o=yes
ac_cv_safe_to_define___extensions__=yes
ac_cv_sys_file_offset_bits=no
ac_cv_sys_largefile_CC=no
acx_cv_prog_cc_pedantic_=yes
acx_cv_prog_cc_warning__W=yes
acx_cv_prog_cc_warning__Wall=yes
acx_cv_prog_cc_warning__Wcpp_compat=yes
acx_cv_prog_cc_warning__Wshadow_local=no
acx_cv_prog_cc_warning__Wstrict_prototypes=yes
acx_cv_prog_cc_warning__Wwrite_strings=yes

## ----------------- ##
## Output variables. ##
## ----------------- ##

AR='ar'
BUILD_INFO='info'
CC='gcc'
CFLAGS='-g -O2'
CHECK=''
CPP='gcc -E'
CPPFLAGS=''
DEFS=''
ECHO_C=''
ECHO_N='-n'
ECHO_T=''
EGREP='/usr/bin/grep -E'
EXEEXT=''
GREP='/usr/bin/grep'
HAVE_PERL=''
INSTALL_DATA='/usr/bin/install -c -m 644'
INSTALL_DEST=''
INSTALL_PROGRAM='/usr/bin/install -c'
INSTALL_SCRIPT='/usr/bin/install -c'
LDFLAGS='-static-libstdc++ -static-libgcc '
LIBOBJS=''
LIBS=''
LTLIBOBJS=''
MAINT='#'
MAKEINFO='makeinfo --split-size=5000000'
NOASANFLAG=''
NOTMAINT=''
NO_MINUS_C_MINUS_O=''
OBJEXT='o'
OUTPUT_OPTION='-o $@'
PACKAGE_BUGREPORT=''
PACKAGE_NAME=''
PACKAGE_STRING=''
PACKAGE_TARNAME=''
PACKAGE_URL=''
PACKAGE_VERSION=''
PATH_SEPARATOR=':'
PERL='perl'
PICFLAG=''
RANLIB='ranlib'
SHELL='/bin/sh'
ac_ct_CC=''
ac_libiberty_warn_cflags='-W -Wall -Wwrite-strings -Wc++-compat -Wstrict-prototypes -pedantic '
bindir='${exec_prefix}/bin'
build='x86_64-pc-linux-gnu'
build_alias='x86_64-pc-linux-gnu'
build_cpu='x86_64'
build_os='linux-gnu'
build_vendor='pc'
datadir='${datarootdir}'
datarootdir='${prefix}/share'
docdir='${datarootdir}/doc/${PACKAGE}'
dvidir='${docdir}'
exec_prefix='NONE'
host='x86_64-pc-linux-gnu'
host_alias='x86_64-pc-linux-gnu'
host_cpu='x86_64'
host_os='linux-gnu'
host_vendor='pc'
htmldir='${docdir}'
includedir='${prefix}/include'
infodir='${datarootdir}/info'
libdir='${exec_prefix}/lib64'
libexecdir='${exec_prefix}/lib'
libiberty_topdir='./..'
localedir='${datarootdir}/locale'
localstatedir='${prefix}/var'
mandir='${datarootdir}/man'
oldincludedir='/usr/include'
pdfdir='${docdir}'
pexecute=''
prefix='NONE'
program_transform_name='s&^&i386-zbl-&'
psdir='${docdir}'
sbindir='${exec_prefix}/sbin'
sharedstatedir='${prefix}/com'
sysconfdir='${prefix}/etc'
target_alias='i386-zbl'
target_header_dir=''

## ------------------- ##
## File substitutions. ##
## ------------------- ##

host_makefile_frag='xhost-mkfrag'

## ----------- ##
## confdefs.h. ##
## ----------- ##

/* confdefs.h */
#define PACKAGE_NAME ""
#define PACKAGE_TARNAME ""
#define PACKAGE_VERSION ""
#define PACKAGE_STRING ""
#define PACKAGE_BUGREPORT ""
#define PACKAGE_URL ""
#define STDC_HEADERS 1
#define HAVE_SYS_TYPES_H 1
#define HAVE_SYS_STAT_H 1
#define HAVE_STDLIB_H 1
#define HAVE_STRING_H 1
#define HAVE_MEMORY_H 1
#define HAVE_STRINGS_H 1
#define HAVE_INTTYPES_H 1
#define HAVE_STDINT_H 1
#define HAVE_UNISTD_H 1
#define __EXTENSIONS__ 1
#define _ALL_SOURCE 1
#define _GNU_SOURCE 1
#define _POSIX_PTHREAD_SEMANTICS 1
#define _TANDEM_SOURCE 1
#define HAVE_SYS_FILE_H 1
#define HAVE_SYS_PARAM_H 1
#define HAVE_LIMITS_H 1
#define HAVE_STDLIB_H 1
#define HAVE_MALLOC_H 1
#define HAVE_STRING_H 1
#define HAVE_UNISTD_H 1
#define HAVE_STRINGS_H 1
#define HAVE_SYS_TIME_H 1
#define HAVE_TIME_H 1
#define HAVE_SYS_RESOURCE_H 1
#define HAVE_SYS_STAT_H 1
#define HAVE_SYS_MMAN_H 1
#define HAVE_FCNTL_H 1
#define HAVE_ALLOCA_H 1
#define HAVE_SYS_SYSINFO_H 1
#define HAVE_SYS_SYSCTL_H 1
#define HAVE_STDINT_H 1
#define HAVE_STDIO_EXT_H 1
#define HAVE_SYS_PRCTL_H 1
#define HAVE_SYS_WAIT_H 1

configure: caught signal 2
configure: exit 1
