This file contains any messages produced by compilers while
running configure, to aid debugging if configure makes a mistake.

It was created by bfd configure 2.28, which was
generated by GNU Autoconf 2.64.  Invocation command line was

  $ /work/zbl/toolchains/binutils.zblpe/bfd/configure --srcdir=../../bfd --cache-file=./config.cache --with-gnu-as --with-gnu-ld --program-transform-name=s&^&i386-zblpe-& --disable-option-checking --build=x86_64-unknown-linux-gnu --host=x86_64-unknown-linux-gnu --target=i386-zblpe

## --------- ##
## Platform. ##
## --------- ##

hostname = Zachs_Computer.suse
uname -m = x86_64
uname -r = 4.4.62-18.6-default
uname -s = Linux
uname -v = #1 SMP Fri Apr 21 16:14:48 UTC 2017 (84f9824)

/usr/bin/uname -p = x86_64
/bin/uname -X     = unknown

/bin/arch              = x86_64
/usr/bin/arch -k       = unknown
/usr/convex/getsysinfo = unknown
/usr/bin/hostinfo      = unknown
/bin/machine           = unknown
/usr/bin/oslevel       = unknown
/bin/universe          = unknown

PATH: /sbin
PATH: /usr/sbin
PATH: /usr/local/sbin
PATH: /root/bin
PATH: /usr/local/bin
PATH: /usr/bin
PATH: /bin
PATH: /usr/bin/X11
PATH: /usr/games
PATH: /usr/lib/mit/bin
PATH: /usr/lib/mit/sbin


## ----------- ##
## Core tests. ##
## ----------- ##

configure:2446: loading site script /usr/share/site/x86_64-unknown-linux-gnu
| #!/bin/sh
| # Site script for configure. It is resourced via $CONFIG_SITE environment varaible.
| 
| # If user did not specify libdir, guess the correct target:
| # Use lib64 for 64 bit bi-arch targets, keep the default for the rest.
| if test "$libdir" = '${exec_prefix}/lib' ; then
| 
| 	ac_config_site_64bit_host=NONE
| 
| 	case "$host" in
| 	"" )
| 		# User did not specify host target.
| 		# The native platform x86_64 is a bi-arch platform.
| 		# Try to detect cross-compilation to inferior architecture.
| 
| 		# We are trying to guess 32-bit target compilation. It's not as easy as
| 		# it sounds, as there is possible several intermediate combinations.
| 		ac_config_site_cross_to_32bit_host=NONE
| 
| 		# User defined -m32 in CFLAGS or CXXFLAGS or CC or CXX:
| 		# (It's sufficient for 32-bit, but alone may cause mis-behavior of some checks.)
| 		case "$CFLAGS $CXXFLAGS $CC $CXX" in
| 		*-m32*)
| 			ac_config_site_cross_to_32bit_host=YES
| 			;;
| 		esac
| 
| 		# Running with linux32:
| 		# (Changes detected platform, but not the toolchain target.)
| 		case "`/bin/uname -i`" in
| 		x86_64 | ppc64 | s390x )
| 			;;
| 		* )
| 			ac_config_site_cross_to_32bit_host=YES
| 			;;
| 		esac
| 
| 		if test "x$ac_config_site_cross_to_32bit_host" = xNONE; then
| 			ac_config_site_64bit_host=YES
| 		fi
| 
| 		;;
| 	*x86_64* | *ppc64* | *s390x* )
| 		ac_config_site_64bit_host=YES
| 		;;
| 	esac
| 
| 	if test "x$ac_config_site_64bit_host" = xYES; then
| 		libdir='${exec_prefix}/lib64'
| 	fi
| fi
| 
| # If user did not specify libexecdir, set the correct target:
| # Nor FHS nor openSUSE allow prefix/libexec. Let's default to prefix/lib.
| 
| if test "$libexecdir" = '${exec_prefix}/libexec' ; then
| 	libexecdir='${exec_prefix}/lib'
| fi
| 
| # Continue with the standard behavior of configure defined in AC_SITE_LOAD:
| if test "x$prefix" != xNONE; then
| 	ac_site_file1=$prefix/share/config.site
| 	ac_site_file2=$prefix/etc/config.site
| else
| 	ac_site_file1=$ac_default_prefix/share/config.site
| 	ac_site_file2=$ac_default_prefix/etc/config.site
| fi
| for ac_site_file in "$ac_site_file1" "$ac_site_file2"
| do
| 	test "x$ac_site_file" = xNONE && continue
| 	if test /dev/null != "$ac_site_file" && test -r "$ac_site_file"; then
| 		{ $as_echo "/usr/share/site/x86_64-unknown-linux-gnu:${as_lineno-$LINENO}: loading site script $ac_site_file" >&5
| $as_echo "/usr/share/site/x86_64-unknown-linux-gnu: loading site script $ac_site_file" >&6;}
| 		sed 's/^/| /' "$ac_site_file" >&5
| 		. "$ac_site_file" \
| 			|| { { $as_echo "/usr/share/site/x86_64-unknown-linux-gnu:${as_lineno-$LINENO}: error: in \`$ac_pwd':" >&5
| $as_echo "/usr/share/site/x86_64-unknown-linux-gnu: error: in \`$ac_pwd':" >&2;}
| as_fn_error $? "failed to load site script $ac_site_file
| See \`config.log' for more details" "$LINENO" 5; }
| 	fi
| done
configure:2465: creating cache ./config.cache
configure:2570: checking build system type
configure:2584: result: x86_64-unknown-linux-gnu
configure:2604: checking host system type
configure:2617: result: x86_64-unknown-linux-gnu
configure:2637: checking target system type
configure:2650: result: i386-pc-zblpe
configure:2684: checking for x86_64-unknown-linux-gnu-gcc
configure:2711: result: gcc
configure:2980: checking for C compiler version
configure:2989: gcc --version >&5
gcc (SUSE Linux) 4.8.5
Copyright (C) 2015 Free Software Foundation, Inc.
This is free software; see the source for copying conditions.  There is NO
warranty; not even for MERCHANTABILITY or FITNESS FOR A PARTICULAR PURPOSE.

configure:3000: $? = 0
configure:2989: gcc -v >&5
Using built-in specs.
COLLECT_GCC=gcc
COLLECT_LTO_WRAPPER=/usr/lib64/gcc/x86_64-suse-linux/4.8/lto-wrapper
Target: x86_64-suse-linux
Configured with: ../configure --prefix=/usr --infodir=/usr/share/info --mandir=/usr/share/man --libdir=/usr/lib64 --libexecdir=/usr/lib64 --enable-languages=c,c++,objc,fortran,obj-c++,java,ada --enable-checking=release --with-gxx-include-dir=/usr/include/c++/4.8 --enable-ssp --disable-libssp --disable-plugin --with-bugurl=http://bugs.opensuse.org/ --with-pkgversion='SUSE Linux' --disable-libgcj --disable-libmudflap --with-slibdir=/lib64 --with-system-zlib --enable-__cxa_atexit --enable-libstdcxx-allocator=new --disable-libstdcxx-pch --enable-version-specific-runtime-libs --enable-linker-build-id --enable-linux-futex --program-suffix=-4.8 --without-system-libunwind --with-arch-32=i586 --with-tune=generic --build=x86_64-suse-linux --host=x86_64-suse-linux
Thread model: posix
gcc version 4.8.5 (SUSE Linux) 
configure:3000: $? = 0
configure:2989: gcc -V >&5
gcc: error: unrecognized command line option '-V'
gcc: fatal error: no input files
compilation terminated.
configure:3000: $? = 1
configure:2989: gcc -qversion >&5
gcc: error: unrecognized command line option '-qversion'
gcc: fatal error: no input files
compilation terminated.
configure:3000: $? = 1
configure:3020: checking for C compiler default output file name
configure:3042: gcc -g -O2  -static-libstdc++ -static-libgcc  conftest.c  >&5
configure:3046: $? = 0
configure:3083: result: a.out
configure:3099: checking whether the C compiler works
configure:3108: ./a.out
configure:3112: $? = 0
configure:3127: result: yes
configure:3134: checking whether we are cross compiling
configure:3136: result: no
configure:3139: checking for suffix of executables
configure:3146: gcc -o conftest -g -O2  -static-libstdc++ -static-libgcc  conftest.c  >&5
configure:3150: $? = 0
configure:3172: result: 
configure:3178: checking for suffix of object files
configure:3200: gcc -c -g -O2  conftest.c >&5
configure:3204: $? = 0
configure:3225: result: o
configure:3229: checking whether we are using the GNU C compiler
configure:3248: gcc -c -g -O2  conftest.c >&5
configure:3248: $? = 0
configure:3257: result: yes
configure:3266: checking whether gcc accepts -g
configure:3286: gcc -c -g  conftest.c >&5
configure:3286: $? = 0
configure:3327: result: yes
configure:3344: checking for gcc option to accept ISO C89
configure:3408: gcc  -c -g -O2  conftest.c >&5
configure:3408: $? = 0
configure:3421: result: none needed
configure:3442: checking for library containing strerror
configure:3473: gcc -o conftest -g -O2  -static-libstdc++ -static-libgcc  conftest.c  >&5
configure:3473: $? = 0
configure:3490: result: none required
configure:3515: checking for a BSD-compatible install
configure:3583: result: /usr/bin/install -c
configure:3594: checking whether build environment is sane
configure:3644: result: yes
configure:3785: checking for a thread-safe mkdir -p
configure:3824: result: /usr/bin/mkdir -p
configure:3837: checking for gawk
configure:3864: result: gawk
configure:3875: checking whether make sets $(MAKE)
configure:3897: result: yes
configure:3927: checking for style of include used by make
configure:3955: result: GNU
configure:4041: checking dependency style of gcc
configure:4152: result: gcc3
configure:4172: checking for x86_64-unknown-linux-gnu-ar
configure:4199: result: ar
configure:4264: checking for x86_64-unknown-linux-gnu-ranlib
configure:4291: result: ranlib
configure:4394: checking for x86_64-unknown-linux-gnu-gcc
configure:4421: result: gcc
configure:4690: checking for C compiler version
configure:4699: gcc --version >&5
gcc (SUSE Linux) 4.8.5
Copyright (C) 2015 Free Software Foundation, Inc.
This is free software; see the source for copying conditions.  There is NO
warranty; not even for MERCHANTABILITY or FITNESS FOR A PARTICULAR PURPOSE.

configure:4710: $? = 0
configure:4699: gcc -v >&5
Using built-in specs.
COLLECT_GCC=gcc
COLLECT_LTO_WRAPPER=/usr/lib64/gcc/x86_64-suse-linux/4.8/lto-wrapper
Target: x86_64-suse-linux
Configured with: ../configure --prefix=/usr --infodir=/usr/share/info --mandir=/usr/share/man --libdir=/usr/lib64 --libexecdir=/usr/lib64 --enable-languages=c,c++,objc,fortran,obj-c++,java,ada --enable-checking=release --with-gxx-include-dir=/usr/include/c++/4.8 --enable-ssp --disable-libssp --disable-plugin --with-bugurl=http://bugs.opensuse.org/ --with-pkgversion='SUSE Linux' --disable-libgcj --disable-libmudflap --with-slibdir=/lib64 --with-system-zlib --enable-__cxa_atexit --enable-libstdcxx-allocator=new --disable-libstdcxx-pch --enable-version-specific-runtime-libs --enable-linker-build-id --enable-linux-futex --program-suffix=-4.8 --without-system-libunwind --with-arch-32=i586 --with-tune=generic --build=x86_64-suse-linux --host=x86_64-suse-linux
Thread model: posix
gcc version 4.8.5 (SUSE Linux) 
configure:4710: $? = 0
configure:4699: gcc -V >&5
gcc: error: unrecognized command line option '-V'
gcc: fatal error: no input files
compilation terminated.
configure:4710: $? = 1
configure:4699: gcc -qversion >&5
gcc: error: unrecognized command line option '-qversion'
gcc: fatal error: no input files
compilation terminated.
configure:4710: $? = 1
configure:4714: checking whether we are using the GNU C compiler
configure:4742: result: yes
configure:4751: checking whether gcc accepts -g
configure:4812: result: yes
configure:4829: checking for gcc option to accept ISO C89
configure:4906: result: none needed
configure:4931: checking how to run the C preprocessor
configure:4962: gcc -E  conftest.c
configure:4962: $? = 0
configure:4976: gcc -E  conftest.c
conftest.c:11:28: fatal error: ac_nonexistent.h: No such file or directory
 #include <ac_nonexistent.h>
                            ^
compilation terminated.
configure:4976: $? = 1
configure: failed program was:
| /* confdefs.h */
| #define PACKAGE_NAME "bfd"
| #define PACKAGE_TARNAME "bfd"
| #define PACKAGE_VERSION "2.28"
| #define PACKAGE_STRING "bfd 2.28"
| #define PACKAGE_BUGREPORT ""
| #define PACKAGE_URL ""
| #define PACKAGE "bfd"
| #define VERSION "2.28"
| /* end confdefs.h.  */
| #include <ac_nonexistent.h>
configure:5001: result: gcc -E
configure:5021: gcc -E  conftest.c
configure:5021: $? = 0
configure:5035: gcc -E  conftest.c
conftest.c:11:28: fatal error: ac_nonexistent.h: No such file or directory
 #include <ac_nonexistent.h>
                            ^
compilation terminated.
configure:5035: $? = 1
configure: failed program was:
| /* confdefs.h */
| #define PACKAGE_NAME "bfd"
| #define PACKAGE_TARNAME "bfd"
| #define PACKAGE_VERSION "2.28"
| #define PACKAGE_STRING "bfd 2.28"
| #define PACKAGE_BUGREPORT ""
| #define PACKAGE_URL ""
| #define PACKAGE "bfd"
| #define VERSION "2.28"
| /* end confdefs.h.  */
| #include <ac_nonexistent.h>
configure:5064: checking for grep that handles long lines and -e
configure:5122: result: /usr/bin/grep
configure:5127: checking for egrep
configure:5189: result: /usr/bin/grep -E
configure:5194: checking for ANSI C header files
configure:5214: gcc -c -g -O2  conftest.c >&5
configure:5214: $? = 0
configure:5287: gcc -o conftest -g -O2  -static-libstdc++ -static-libgcc  conftest.c  >&5
configure:5287: $? = 0
configure:5287: ./conftest
configure:5287: $? = 0
configure:5298: result: yes
configure:5311: checking for sys/types.h
configure:5311: gcc -c -g -O2  conftest.c >&5
configure:5311: $? = 0
configure:5311: result: yes
configure:5311: checking for sys/stat.h
configure:5311: gcc -c -g -O2  conftest.c >&5
configure:5311: $? = 0
configure:5311: result: yes
configure:5311: checking for stdlib.h
configure:5311: gcc -c -g -O2  conftest.c >&5
configure:5311: $? = 0
configure:5311: result: yes
configure:5311: checking for string.h
configure:5311: gcc -c -g -O2  conftest.c >&5
configure:5311: $? = 0
configure:5311: result: yes
configure:5311: checking for memory.h
configure:5311: gcc -c -g -O2  conftest.c >&5
configure:5311: $? = 0
configure:5311: result: yes
configure:5311: checking for strings.h
configure:5311: gcc -c -g -O2  conftest.c >&5
configure:5311: $? = 0
configure:5311: result: yes
configure:5311: checking for inttypes.h
configure:5311: gcc -c -g -O2  conftest.c >&5
configure:5311: $? = 0
configure:5311: result: yes
configure:5311: checking for stdint.h
configure:5311: gcc -c -g -O2  conftest.c >&5
configure:5311: $? = 0
configure:5311: result: yes
configure:5311: checking for unistd.h
configure:5311: gcc -c -g -O2  conftest.c >&5
configure:5311: $? = 0
configure:5311: result: yes
configure:5325: checking minix/config.h usability
configure:5325: gcc -c -g -O2  conftest.c >&5
conftest.c:54:26: fatal error: minix/config.h: No such file or directory
 #include <minix/config.h>
                          ^
compilation terminated.
configure:5325: $? = 1
configure: failed program was:
| /* confdefs.h */
| #define PACKAGE_NAME "bfd"
| #define PACKAGE_TARNAME "bfd"
| #define PACKAGE_VERSION "2.28"
| #define PACKAGE_STRING "bfd 2.28"
| #define PACKAGE_BUGREPORT ""
| #define PACKAGE_URL ""
| #define PACKAGE "bfd"
| #define VERSION "2.28"
| #define STDC_HEADERS 1
| #define HAVE_SYS_TYPES_H 1
| #define HAVE_SYS_STAT_H 1
| #define HAVE_STDLIB_H 1
| #define HAVE_STRING_H 1
| #define HAVE_MEMORY_H 1
| #define HAVE_STRINGS_H 1
| #define HAVE_INTTYPES_H 1
| #define HAVE_STDINT_H 1
| #define HAVE_UNISTD_H 1
| /* end confdefs.h.  */
| #include <stdio.h>
| #ifdef HAVE_SYS_TYPES_H
| # include <sys/types.h>
| #endif
| #ifdef HAVE_SYS_STAT_H
| # include <sys/stat.h>
| #endif
| #ifdef STDC_HEADERS
| # include <stdlib.h>
| # include <stddef.h>
| #else
| # ifdef HAVE_STDLIB_H
| #  include <stdlib.h>
| # endif
| #endif
| #ifdef HAVE_STRING_H
| # if !defined STDC_HEADERS && defined HAVE_MEMORY_H
| #  include <memory.h>
| # endif
| # include <string.h>
| #endif
| #ifdef HAVE_STRINGS_H
| # include <strings.h>
| #endif
| #ifdef HAVE_INTTYPES_H
| # include <inttypes.h>
| #endif
| #ifdef HAVE_STDINT_H
| # include <stdint.h>
| #endif
| #ifdef HAVE_UNISTD_H
| # include <unistd.h>
| #endif
| #include <minix/config.h>
configure:5325: result: no
configure:5325: checking minix/config.h presence
configure:5325: gcc -E  conftest.c
conftest.c:21:26: fatal error: minix/config.h: No such file or directory
 #include <minix/config.h>
                          ^
compilation terminated.
configure:5325: $? = 1
configure: failed program was:
| /* confdefs.h */
| #define PACKAGE_NAME "bfd"
| #define PACKAGE_TARNAME "bfd"
| #define PACKAGE_VERSION "2.28"
| #define PACKAGE_STRING "bfd 2.28"
| #define PACKAGE_BUGREPORT ""
| #define PACKAGE_URL ""
| #define PACKAGE "bfd"
| #define VERSION "2.28"
| #define STDC_HEADERS 1
| #define HAVE_SYS_TYPES_H 1
| #define HAVE_SYS_STAT_H 1
| #define HAVE_STDLIB_H 1
| #define HAVE_STRING_H 1
| #define HAVE_MEMORY_H 1
| #define HAVE_STRINGS_H 1
| #define HAVE_INTTYPES_H 1
| #define HAVE_STDINT_H 1
| #define HAVE_UNISTD_H 1
| /* end confdefs.h.  */
| #include <minix/config.h>
configure:5325: result: no
configure:5325: checking for minix/config.h
configure:5325: result: no
configure:5346: checking whether it is safe to define __EXTENSIONS__
configure:5364: gcc -c -g -O2  conftest.c >&5
configure:5364: $? = 0
configure:5371: result: yes
configure:5434: checking how to print strings
configure:5461: result: printf
configure:5482: checking for a sed that does not truncate output
configure:5546: result: /usr/bin/sed
configure:5564: checking for fgrep
configure:5626: result: /usr/bin/grep -F
configure:5661: checking for ld used by gcc
configure:5728: result: /usr/lib64/gcc/x86_64-suse-linux/4.8/../../../../x86_64-suse-linux/bin/ld
configure:5735: checking if the linker (/usr/lib64/gcc/x86_64-suse-linux/4.8/../../../../x86_64-suse-linux/bin/ld) is GNU ld
configure:5750: result: yes
configure:5762: checking for BSD- or MS-compatible name lister (nm)
configure:5811: result: nm
configure:5941: checking the name lister (nm) interface
configure:5948: gcc -c -g -O2  conftest.c >&5
configure:5951: nm "conftest.o"
configure:5954: output
0000000000000000 B some_variable
configure:5961: result: BSD nm
configure:5964: checking whether ln -s works
configure:5968: result: yes
configure:5976: checking the maximum length of command line arguments
configure:6101: result: 1572864
configure:6118: checking whether the shell understands some XSI constructs
configure:6128: result: yes
configure:6132: checking whether the shell understands "+="
configure:6138: result: yes
configure:6173: checking for /usr/lib64/gcc/x86_64-suse-linux/4.8/../../../../x86_64-suse-linux/bin/ld option to reload object files
configure:6180: result: -r
configure:6209: checking for x86_64-unknown-linux-gnu-objdump
configure:6236: result: objdump
configure:6308: checking how to recognize dependent libraries
configure:6509: result: pass_all
configure:6529: checking for x86_64-unknown-linux-gnu-ar
configure:6556: result: ar
configure:6634: checking for x86_64-unknown-linux-gnu-strip
configure:6664: result: no
configure:6674: checking for strip
configure:6690: found /usr/bin/strip
configure:6701: result: strip
configure:6733: checking for x86_64-unknown-linux-gnu-ranlib
configure:6760: result: ranlib
configure:6902: checking command to parse nm output from gcc object
configure:7020: gcc -c -g -O2  conftest.c >&5
configure:7023: $? = 0
configure:7027: nm conftest.o \| sed -n -e 's/^.*[ ]\([ABCDGIRSTW][ABCDGIRSTW]*\)[ ][ ]*\([_A-Za-z][_A-Za-z0-9]*\)$/\1 \2 \2/p' \> conftest.nm
configure:7030: $? = 0
configure:7084: gcc -o conftest -g -O2  -static-libstdc++ -static-libgcc  conftest.c conftstm.o >&5
configure:7087: $? = 0
configure:7125: result: ok
configure:7220: gcc -c -g -O2  conftest.c >&5
configure:7223: $? = 0
configure:7973: checking for dlfcn.h
configure:7973: gcc -c -g -O2  conftest.c >&5
configure:7973: $? = 0
configure:7973: result: yes
configure:8129: checking for objdir
configure:8144: result: .libs
configure:8415: checking if gcc supports -fno-rtti -fno-exceptions
configure:8433: gcc -c -g -O2  -fno-rtti -fno-exceptions conftest.c >&5
cc1: warning: command line option '-fno-rtti' is valid for C++/ObjC++ but not for C [enabled by default]
configure:8437: $? = 0
configure:8450: result: no
configure:8470: checking for gcc option to produce PIC
configure:8756: result: -fPIC -DPIC
configure:8768: checking if gcc PIC flag -fPIC -DPIC works
configure:8786: gcc -c -g -O2  -fPIC -DPIC -DPIC conftest.c >&5
configure:8790: $? = 0
configure:8803: result: yes
configure:8827: checking if gcc static flag -static works
configure:8855: result: no
configure:8870: checking if gcc supports -c -o file.o
configure:8891: gcc -c -g -O2  -o out/conftest2.o conftest.c >&5
configure:8895: $? = 0
configure:8917: result: yes
configure:8925: checking if gcc supports -c -o file.o
configure:8972: result: yes
configure:9005: checking whether the gcc linker (/usr/lib64/gcc/x86_64-suse-linux/4.8/../../../../x86_64-suse-linux/bin/ld -m elf_x86_64) supports shared libraries
configure:10076: result: yes
configure:10321: checking dynamic linker characteristics
configure:10772: gcc -o conftest -g -O2  -static-libstdc++ -static-libgcc  -Wl,-rpath -Wl,/foo conftest.c  >&5
configure:10772: $? = 0
configure:10994: result: GNU/Linux ld.so
configure:11101: checking how to hardcode library paths into programs
configure:11126: result: immediate
configure:11220: checking for shl_load
configure:11220: gcc -o conftest -g -O2  -static-libstdc++ -static-libgcc  conftest.c  >&5
/tmp/ccl2zdJO.o: In function `main':
/work/zbl/toolchains/binutils.zblpe/build/bfd/conftest.c:62: undefined reference to `shl_load'
collect2: error: ld returned 1 exit status
configure:11220: $? = 1
configure: failed program was:
| /* confdefs.h */
| #define PACKAGE_NAME "bfd"
| #define PACKAGE_TARNAME "bfd"
| #define PACKAGE_VERSION "2.28"
| #define PACKAGE_STRING "bfd 2.28"
| #define PACKAGE_BUGREPORT ""
| #define PACKAGE_URL ""
| #define PACKAGE "bfd"
| #define VERSION "2.28"
| #define STDC_HEADERS 1
| #define HAVE_SYS_TYPES_H 1
| #define HAVE_SYS_STAT_H 1
| #define HAVE_STDLIB_H 1
| #define HAVE_STRING_H 1
| #define HAVE_MEMORY_H 1
| #define HAVE_STRINGS_H 1
| #define HAVE_INTTYPES_H 1
| #define HAVE_STDINT_H 1
| #define HAVE_UNISTD_H 1
| #define __EXTENSIONS__ 1
| #define _ALL_SOURCE 1
| #define _GNU_SOURCE 1
| #define _POSIX_PTHREAD_SEMANTICS 1
| #define _TANDEM_SOURCE 1
| #define HAVE_DLFCN_H 1
| #define LT_OBJDIR ".libs/"
| /* end confdefs.h.  */
| /* Define shl_load to an innocuous variant, in case <limits.h> declares shl_load.
|    For example, HP-UX 11i <limits.h> declares gettimeofday.  */
| #define shl_load innocuous_shl_load
| 
| /* System header to define __stub macros and hopefully few prototypes,
|     which can conflict with char shl_load (); below.
|     Prefer <limits.h> to <assert.h> if __STDC__ is defined, since
|     <limits.h> exists even on freestanding compilers.  */
| 
| #ifdef __STDC__
| # include <limits.h>
| #else
| # include <assert.h>
| #endif
| 
| #undef shl_load
| 
| /* Override any GCC internal prototype to avoid an error.
|    Use char because int might match the return type of a GCC
|    builtin and then its argument prototype would still apply.  */
| #ifdef __cplusplus
| extern "C"
| #endif
| char shl_load ();
| /* The GNU C library defines this for functions which it implements
|     to always fail with ENOSYS.  Some functions are actually named
|     something starting with __ and the normal name is an alias.  */
| #if defined __stub_shl_load || defined __stub___shl_load
| choke me
| #endif
| 
| int
| main ()
| {
| return shl_load ();
|   ;
|   return 0;
| }
configure:11220: result: no
configure:11224: checking for shl_load in -ldld
configure:11249: gcc -o conftest -g -O2  -static-libstdc++ -static-libgcc  conftest.c -ldld   >&5
/usr/lib64/gcc/x86_64-suse-linux/4.8/../../../../x86_64-suse-linux/bin/ld: cannot find -ldld
collect2: error: ld returned 1 exit status
configure:11249: $? = 1
configure: failed program was:
| /* confdefs.h */
| #define PACKAGE_NAME "bfd"
| #define PACKAGE_TARNAME "bfd"
| #define PACKAGE_VERSION "2.28"
| #define PACKAGE_STRING "bfd 2.28"
| #define PACKAGE_BUGREPORT ""
| #define PACKAGE_URL ""
| #define PACKAGE "bfd"
| #define VERSION "2.28"
| #define STDC_HEADERS 1
| #define HAVE_SYS_TYPES_H 1
| #define HAVE_SYS_STAT_H 1
| #define HAVE_STDLIB_H 1
| #define HAVE_STRING_H 1
| #define HAVE_MEMORY_H 1
| #define HAVE_STRINGS_H 1
| #define HAVE_INTTYPES_H 1
| #define HAVE_STDINT_H 1
| #define HAVE_UNISTD_H 1
| #define __EXTENSIONS__ 1
| #define _ALL_SOURCE 1
| #define _GNU_SOURCE 1
| #define _POSIX_PTHREAD_SEMANTICS 1
| #define _TANDEM_SOURCE 1
| #define HAVE_DLFCN_H 1
| #define LT_OBJDIR ".libs/"
| /* end confdefs.h.  */
| 
| /* Override any GCC internal prototype to avoid an error.
|    Use char because int might match the return type of a GCC
|    builtin and then its argument prototype would still apply.  */
| #ifdef __cplusplus
| extern "C"
| #endif
| char shl_load ();
| int
| main ()
| {
| return shl_load ();
|   ;
|   return 0;
| }
configure:11258: result: no
configure:11263: checking for dlopen
configure:11263: gcc -o conftest -g -O2  -static-libstdc++ -static-libgcc  conftest.c  >&5
/tmp/ccDmrYm2.o: In function `main':
/work/zbl/toolchains/binutils.zblpe/build/bfd/conftest.c:62: undefined reference to `dlopen'
collect2: error: ld returned 1 exit status
configure:11263: $? = 1
configure: failed program was:
| /* confdefs.h */
| #define PACKAGE_NAME "bfd"
| #define PACKAGE_TARNAME "bfd"
| #define PACKAGE_VERSION "2.28"
| #define PACKAGE_STRING "bfd 2.28"
| #define PACKAGE_BUGREPORT ""
| #define PACKAGE_URL ""
| #define PACKAGE "bfd"
| #define VERSION "2.28"
| #define STDC_HEADERS 1
| #define HAVE_SYS_TYPES_H 1
| #define HAVE_SYS_STAT_H 1
| #define HAVE_STDLIB_H 1
| #define HAVE_STRING_H 1
| #define HAVE_MEMORY_H 1
| #define HAVE_STRINGS_H 1
| #define HAVE_INTTYPES_H 1
| #define HAVE_STDINT_H 1
| #define HAVE_UNISTD_H 1
| #define __EXTENSIONS__ 1
| #define _ALL_SOURCE 1
| #define _GNU_SOURCE 1
| #define _POSIX_PTHREAD_SEMANTICS 1
| #define _TANDEM_SOURCE 1
| #define HAVE_DLFCN_H 1
| #define LT_OBJDIR ".libs/"
| /* end confdefs.h.  */
| /* Define dlopen to an innocuous variant, in case <limits.h> declares dlopen.
|    For example, HP-UX 11i <limits.h> declares gettimeofday.  */
| #define dlopen innocuous_dlopen
| 
| /* System header to define __stub macros and hopefully few prototypes,
|     which can conflict with char dlopen (); below.
|     Prefer <limits.h> to <assert.h> if __STDC__ is defined, since
|     <limits.h> exists even on freestanding compilers.  */
| 
| #ifdef __STDC__
| # include <limits.h>
| #else
| # include <assert.h>
| #endif
| 
| #undef dlopen
| 
| /* Override any GCC internal prototype to avoid an error.
|    Use char because int might match the return type of a GCC
|    builtin and then its argument prototype would still apply.  */
| #ifdef __cplusplus
| extern "C"
| #endif
| char dlopen ();
| /* The GNU C library defines this for functions which it implements
|     to always fail with ENOSYS.  Some functions are actually named
|     something starting with __ and the normal name is an alias.  */
| #if defined __stub_dlopen || defined __stub___dlopen
| choke me
| #endif
| 
| int
| main ()
| {
| return dlopen ();
|   ;
|   return 0;
| }
configure:11263: result: no
configure:11267: checking for dlopen in -ldl
configure:11292: gcc -o conftest -g -O2  -static-libstdc++ -static-libgcc  conftest.c -ldl   >&5
configure:11292: $? = 0
configure:11301: result: yes
configure:11420: checking whether a program can dlopen itself
configure:11500: gcc -o conftest -g -O2  -DHAVE_DLFCN_H -static-libstdc++ -static-libgcc  -Wl,--export-dynamic conftest.c -ldl  >&5
configure:11503: $? = 0
configure:11521: result: yes
configure:11526: checking whether a statically linked program can dlopen itself
configure:11606: gcc -o conftest -g -O2  -DHAVE_DLFCN_H -static-libstdc++ -static-libgcc  -Wl,--export-dynamic  conftest.c -ldl  >&5
configure:11609: $? = 0
configure:11627: result: yes
configure:11666: checking whether stripping libraries is possible
configure:11671: result: yes
configure:11706: checking if libtool supports shared libraries
configure:11708: result: yes
configure:11711: checking whether to build shared libraries
configure:11732: result: no
configure:11735: checking whether to build static libraries
configure:11739: result: yes
configure:11789: checking for dlfcn.h
configure:11789: result: yes
configure:11802: checking for windows.h
configure:11802: gcc -c -g -O2  conftest.c >&5
In file included from /usr/local/include/windef.h:269:0,
                 from /usr/local/include/windows.h:42,
                 from conftest.c:63:
/usr/local/include/winnt.h:2434:2: error: #error "undefined processor type"
 #error "undefined processor type"
  ^
/usr/local/include/winnt.h:2436:1: error: unknown type name 'CONTEXT'
 typedef CONTEXT *PCONTEXT, *LPCONTEXT;
 ^
In file included from /usr/local/include/windows.h:44:0,
                 from conftest.c:63:
/usr/local/include/winbase.h:2389:1: error: unknown type name 'CONTEXT'
 WINBASEAPI BOOL WINAPI SetThreadContext (HANDLE, const CONTEXT *);
 ^
In file included from /usr/local/include/windows.h:80:0,
                 from conftest.c:63:
/usr/local/include/winsock2.h:64:3: error: conflicting types for 'fd_set'
 } fd_set;
   ^
In file included from /usr/include/sys/types.h:219:0,
                 from conftest.c:31:
/usr/include/sys/select.h:75:5: note: previous declaration of 'fd_set' was here
   } fd_set;
     ^
In file included from /usr/local/include/windows.h:80:0,
                 from conftest.c:63:
/usr/local/include/winsock2.h:109:8: error: redefinition of 'struct timeval'
 struct timeval {
        ^
In file included from /usr/include/sys/select.h:45:0,
                 from /usr/include/sys/types.h:219,
                 from conftest.c:31:
/usr/include/bits/time.h:30:8: note: originally defined here
 struct timeval
        ^
In file included from /usr/local/include/windows.h:80:0,
                 from conftest.c:63:
/usr/local/include/winsock2.h:632:32: error: conflicting types for 'select'
 WINSOCK_API_LINKAGE int PASCAL select(int nfds,fd_set*,fd_set*,fd_set*,const struct timeval*);
                                ^
In file included from /usr/include/sys/types.h:219:0,
                 from conftest.c:31:
/usr/include/sys/select.h:106:12: note: previous declaration of 'select' was here
 extern int select (int __nfds, fd_set *__restrict __readfds,
            ^
In file included from /usr/local/include/windows.h:80:0,
                 from conftest.c:63:
/usr/local/include/winsock2.h:635:12: error: conflicting types for 'gethostname'
 int PASCAL gethostname(char*,int);
            ^
In file included from conftest.c:60:0:
/usr/include/unistd.h:882:12: note: previous declaration of 'gethostname' was here
 extern int gethostname (char *__name, size_t __len) __THROW __nonnull ((1));
            ^
configure:11802: $? = 1
configure: failed program was:
| /* confdefs.h */
| #define PACKAGE_NAME "bfd"
| #define PACKAGE_TARNAME "bfd"
| #define PACKAGE_VERSION "2.28"
| #define PACKAGE_STRING "bfd 2.28"
| #define PACKAGE_BUGREPORT ""
| #define PACKAGE_URL ""
| #define PACKAGE "bfd"
| #define VERSION "2.28"
| #define STDC_HEADERS 1
| #define HAVE_SYS_TYPES_H 1
| #define HAVE_SYS_STAT_H 1
| #define HAVE_STDLIB_H 1
| #define HAVE_STRING_H 1
| #define HAVE_MEMORY_H 1
| #define HAVE_STRINGS_H 1
| #define HAVE_INTTYPES_H 1
| #define HAVE_STDINT_H 1
| #define HAVE_UNISTD_H 1
| #define __EXTENSIONS__ 1
| #define _ALL_SOURCE 1
| #define _GNU_SOURCE 1
| #define _POSIX_PTHREAD_SEMANTICS 1
| #define _TANDEM_SOURCE 1
| #define HAVE_DLFCN_H 1
| #define LT_OBJDIR ".libs/"
| #define HAVE_DLFCN_H 1
| /* end confdefs.h.  */
| #include <stdio.h>
| #ifdef HAVE_SYS_TYPES_H
| # include <sys/types.h>
| #endif
| #ifdef HAVE_SYS_STAT_H
| # include <sys/stat.h>
| #endif
| #ifdef STDC_HEADERS
| # include <stdlib.h>
| # include <stddef.h>
| #else
| # ifdef HAVE_STDLIB_H
| #  include <stdlib.h>
| # endif
| #endif
| #ifdef HAVE_STRING_H
| # if !defined STDC_HEADERS && defined HAVE_MEMORY_H
| #  include <memory.h>
| # endif
| # include <string.h>
| #endif
| #ifdef HAVE_STRINGS_H
| # include <strings.h>
| #endif
| #ifdef HAVE_INTTYPES_H
| # include <inttypes.h>
| #endif
| #ifdef HAVE_STDINT_H
| # include <stdint.h>
| #endif
| #ifdef HAVE_UNISTD_H
| # include <unistd.h>
| #endif
| 
| #include <windows.h>
configure:11802: result: no
configure:11829: checking for library containing dlopen
configure:11860: gcc -o conftest -g -O2  -static-libstdc++ -static-libgcc  conftest.c  >&5
/tmp/ccaKugDH.o: In function `main':
/work/zbl/toolchains/binutils.zblpe/build/bfd/conftest.c:40: undefined reference to `dlopen'
collect2: error: ld returned 1 exit status
configure:11860: $? = 1
configure: failed program was:
| /* confdefs.h */
| #define PACKAGE_NAME "bfd"
| #define PACKAGE_TARNAME "bfd"
| #define PACKAGE_VERSION "2.28"
| #define PACKAGE_STRING "bfd 2.28"
| #define PACKAGE_BUGREPORT ""
| #define PACKAGE_URL ""
| #define PACKAGE "bfd"
| #define VERSION "2.28"
| #define STDC_HEADERS 1
| #define HAVE_SYS_TYPES_H 1
| #define HAVE_SYS_STAT_H 1
| #define HAVE_STDLIB_H 1
| #define HAVE_STRING_H 1
| #define HAVE_MEMORY_H 1
| #define HAVE_STRINGS_H 1
| #define HAVE_INTTYPES_H 1
| #define HAVE_STDINT_H 1
| #define HAVE_UNISTD_H 1
| #define __EXTENSIONS__ 1
| #define _ALL_SOURCE 1
| #define _GNU_SOURCE 1
| #define _POSIX_PTHREAD_SEMANTICS 1
| #define _TANDEM_SOURCE 1
| #define HAVE_DLFCN_H 1
| #define LT_OBJDIR ".libs/"
| #define HAVE_DLFCN_H 1
| /* end confdefs.h.  */
| 
| /* Override any GCC internal prototype to avoid an error.
|    Use char because int might match the return type of a GCC
|    builtin and then its argument prototype would still apply.  */
| #ifdef __cplusplus
| extern "C"
| #endif
| char dlopen ();
| int
| main ()
| {
| return dlopen ();
|   ;
|   return 0;
| }
configure:11860: gcc -o conftest -g -O2  -static-libstdc++ -static-libgcc  conftest.c -ldl   >&5
configure:11860: $? = 0
configure:11877: result: -ldl
configure:11908: checking for special C compiler options needed for large files
configure:11953: result: no
configure:11959: checking for _FILE_OFFSET_BITS value needed for large files
configure:11984: gcc -c -g -O2  conftest.c >&5
configure:11984: $? = 0
configure:12016: result: no
configure:12404: checking whether to enable maintainer-specific portions of Makefiles
configure:12413: result: no
configure:12449: checking whether to install libbfd
configure:12462: result: no
configure:12512: checking whether NLS is requested
configure:12518: result: yes
configure:12524: checking for catalogs to be installed
configure:12556: result:  da es fi fr id ja ro ru rw sr sv tr uk vi zh_CN da es fi fr id ja ro ru rw sr sv tr uk vi zh_CN
configure:12583: checking whether NLS is requested
configure:12592: result: yes
configure:12630: checking for msgfmt
configure:12661: result: /usr/bin/msgfmt
configure:12670: checking for gmsgfmt
configure:12701: result: /usr/bin/msgfmt
configure:12741: checking for xgettext
configure:12772: result: /usr/bin/xgettext
configure:12812: checking for msgmerge
configure:12842: result: /usr/bin/msgmerge
configure:12895: checking size of long long
configure:12900: gcc -o conftest -g -O2  -static-libstdc++ -static-libgcc  conftest.c -ldl  >&5
configure:12900: $? = 0
configure:12900: ./conftest
configure:12900: $? = 0
configure:12915: result: 8
configure:12929: checking size of void *
configure:12934: gcc -o conftest -g -O2  -static-libstdc++ -static-libgcc  conftest.c -ldl  >&5
configure:12934: $? = 0
configure:12934: ./conftest
configure:12934: $? = 0
configure:12949: result: 8
configure:12963: checking size of long
configure:12968: gcc -o conftest -g -O2  -static-libstdc++ -static-libgcc  conftest.c -ldl  >&5
configure:12968: $? = 0
configure:12968: ./conftest
configure:12968: $? = 0
configure:12983: result: 8
configure:13065: checking alloca.h usability
configure:13065: gcc -c -g -O2  conftest.c >&5
configure:13065: $? = 0
configure:13065: result: yes
configure:13065: checking alloca.h presence
configure:13065: gcc -E  conftest.c
configure:13065: $? = 0
configure:13065: result: yes
configure:13065: checking for alloca.h
configure:13065: result: yes
configure:13065: checking stddef.h usability
configure:13065: gcc -c -g -O2  conftest.c >&5
configure:13065: $? = 0
configure:13065: result: yes
configure:13065: checking stddef.h presence
configure:13065: gcc -E  conftest.c
configure:13065: $? = 0
configure:13065: result: yes
configure:13065: checking for stddef.h
configure:13065: result: yes
configure:13065: checking for string.h
configure:13065: result: yes
configure:13065: checking for strings.h
configure:13065: result: yes
configure:13065: checking for stdlib.h
configure:13065: result: yes
configure:13065: checking time.h usability
configure:13065: gcc -c -g -O2  conftest.c >&5
configure:13065: $? = 0
configure:13065: result: yes
configure:13065: checking time.h presence
configure:13065: gcc -E  conftest.c
configure:13065: $? = 0
configure:13065: result: yes
configure:13065: checking for time.h
configure:13065: result: yes
configure:13065: checking for unistd.h
configure:13065: result: yes
configure:13065: checking wchar.h usability
configure:13065: gcc -c -g -O2  conftest.c >&5
configure:13065: $? = 0
configure:13065: result: yes
configure:13065: checking wchar.h presence
configure:13065: gcc -E  conftest.c
configure:13065: $? = 0
configure:13065: result: yes
configure:13065: checking for wchar.h
configure:13065: result: yes
configure:13065: checking wctype.h usability
configure:13065: gcc -c -g -O2  conftest.c >&5
configure:13065: $? = 0
configure:13065: result: yes
configure:13065: checking wctype.h presence
configure:13065: gcc -E  conftest.c
configure:13065: $? = 0
configure:13065: result: yes
configure:13065: checking for wctype.h
configure:13065: result: yes
configure:13079: checking fcntl.h usability
configure:13079: gcc -c -g -O2  conftest.c >&5
configure:13079: $? = 0
configure:13079: result: yes
configure:13079: checking fcntl.h presence
configure:13079: gcc -E  conftest.c
configure:13079: $? = 0
configure:13079: result: yes
configure:13079: checking for fcntl.h
configure:13079: result: yes
configure:13079: checking sys/file.h usability
configure:13079: gcc -c -g -O2  conftest.c >&5
configure:13079: $? = 0
configure:13079: result: yes
configure:13079: checking sys/file.h presence
configure:13079: gcc -E  conftest.c
configure:13079: $? = 0
configure:13079: result: yes
configure:13079: checking for sys/file.h
configure:13079: result: yes
configure:13079: checking sys/time.h usability
configure:13079: gcc -c -g -O2  conftest.c >&5
configure:13079: $? = 0
configure:13079: result: yes
configure:13079: checking sys/time.h presence
configure:13079: gcc -E  conftest.c
configure:13079: $? = 0
configure:13079: result: yes
configure:13079: checking for sys/time.h
configure:13079: result: yes
configure:13079: checking for sys/stat.h
configure:13079: result: yes
configure:13079: checking sys/resource.h usability
configure:13079: gcc -c -g -O2  conftest.c >&5
configure:13079: $? = 0
configure:13079: result: yes
configure:13079: checking sys/resource.h presence
configure:13079: gcc -E  conftest.c
configure:13079: $? = 0
configure:13079: result: yes
configure:13079: checking for sys/resource.h
configure:13079: result: yes
configure:13103: checking for uintmax_t
configure:13103: gcc -c -g -O2  conftest.c >&5
configure:13103: $? = 0
configure:13103: gcc -c -g -O2  conftest.c >&5
conftest.c: In function 'main':
conftest.c:54:24: error: expected expression before ')' token
 if (sizeof ((uintmax_t)))
                        ^
configure:13103: $? = 1
configure: failed program was:
| /* confdefs.h */
| #define PACKAGE_NAME "bfd"
| #define PACKAGE_TARNAME "bfd"
| #define PACKAGE_VERSION "2.28"
| #define PACKAGE_STRING "bfd 2.28"
| #define PACKAGE_BUGREPORT ""
| #define PACKAGE_URL ""
| #define PACKAGE "bfd"
| #define VERSION "2.28"
| #define STDC_HEADERS 1
| #define HAVE_SYS_TYPES_H 1
| #define HAVE_SYS_STAT_H 1
| #define HAVE_STDLIB_H 1
| #define HAVE_STRING_H 1
| #define HAVE_MEMORY_H 1
| #define HAVE_STRINGS_H 1
| #define HAVE_INTTYPES_H 1
| #define HAVE_STDINT_H 1
| #define HAVE_UNISTD_H 1
| #define __EXTENSIONS__ 1
| #define _ALL_SOURCE 1
| #define _GNU_SOURCE 1
| #define _POSIX_PTHREAD_SEMANTICS 1
| #define _TANDEM_SOURCE 1
| #define HAVE_DLFCN_H 1
| #define LT_OBJDIR ".libs/"
| #define HAVE_DLFCN_H 1
| #define USE_SECUREPLT 1
| #define ENABLE_NLS 1
| #define SIZEOF_LONG_LONG 8
| #define SIZEOF_VOID_P 8
| #define SIZEOF_LONG 8
| #define HAVE_ALLOCA_H 1
| #define HAVE_STDDEF_H 1
| #define HAVE_STRING_H 1
| #define HAVE_STRINGS_H 1
| #define HAVE_STDLIB_H 1
| #define HAVE_TIME_H 1
| #define HAVE_UNISTD_H 1
| #define HAVE_WCHAR_H 1
| #define HAVE_WCTYPE_H 1
| #define HAVE_FCNTL_H 1
| #define HAVE_SYS_FILE_H 1
| #define HAVE_SYS_TIME_H 1
| #define HAVE_SYS_STAT_H 1
| #define HAVE_SYS_RESOURCE_H 1
| /* end confdefs.h.  */
| #include <sys/types.h>
| #include <stdint.h>
| 
| int
| main ()
| {
| if (sizeof ((uintmax_t)))
| 	    return 0;
|   ;
|   return 0;
| }
configure:13103: result: yes
configure:13112: checking for uintptr_t
configure:13112: gcc -c -g -O2  conftest.c >&5
configure:13112: $? = 0
configure:13112: gcc -c -g -O2  conftest.c >&5
conftest.c: In function 'main':
conftest.c:54:24: error: expected expression before ')' token
 if (sizeof ((uintptr_t)))
                        ^
configure:13112: $? = 1
configure: failed program was:
| /* confdefs.h */
| #define PACKAGE_NAME "bfd"
| #define PACKAGE_TARNAME "bfd"
| #define PACKAGE_VERSION "2.28"
| #define PACKAGE_STRING "bfd 2.28"
| #define PACKAGE_BUGREPORT ""
| #define PACKAGE_URL ""
| #define PACKAGE "bfd"
| #define VERSION "2.28"
| #define STDC_HEADERS 1
| #define HAVE_SYS_TYPES_H 1
| #define HAVE_SYS_STAT_H 1
| #define HAVE_STDLIB_H 1
| #define HAVE_STRING_H 1
| #define HAVE_MEMORY_H 1
| #define HAVE_STRINGS_H 1
| #define HAVE_INTTYPES_H 1
| #define HAVE_STDINT_H 1
| #define HAVE_UNISTD_H 1
| #define __EXTENSIONS__ 1
| #define _ALL_SOURCE 1
| #define _GNU_SOURCE 1
| #define _POSIX_PTHREAD_SEMANTICS 1
| #define _TANDEM_SOURCE 1
| #define HAVE_DLFCN_H 1
| #define LT_OBJDIR ".libs/"
| #define HAVE_DLFCN_H 1
| #define USE_SECUREPLT 1
| #define ENABLE_NLS 1
| #define SIZEOF_LONG_LONG 8
| #define SIZEOF_VOID_P 8
| #define SIZEOF_LONG 8
| #define HAVE_ALLOCA_H 1
| #define HAVE_STDDEF_H 1
| #define HAVE_STRING_H 1
| #define HAVE_STRINGS_H 1
| #define HAVE_STDLIB_H 1
| #define HAVE_TIME_H 1
| #define HAVE_UNISTD_H 1
| #define HAVE_WCHAR_H 1
| #define HAVE_WCTYPE_H 1
| #define HAVE_FCNTL_H 1
| #define HAVE_SYS_FILE_H 1
| #define HAVE_SYS_TIME_H 1
| #define HAVE_SYS_STAT_H 1
| #define HAVE_SYS_RESOURCE_H 1
| /* end confdefs.h.  */
| #include <sys/types.h>
| #include <stdint.h>
| 
| int
| main ()
| {
| if (sizeof ((uintptr_t)))
| 	    return 0;
|   ;
|   return 0;
| }
configure:13112: result: yes
configure:13121: checking for int_least32_t
configure:13121: gcc -c -g -O2  conftest.c >&5
configure:13121: $? = 0
configure:13121: gcc -c -g -O2  conftest.c >&5
conftest.c: In function 'main':
conftest.c:54:28: error: expected expression before ')' token
 if (sizeof ((int_least32_t)))
                            ^
configure:13121: $? = 1
configure: failed program was:
| /* confdefs.h */
| #define PACKAGE_NAME "bfd"
| #define PACKAGE_TARNAME "bfd"
| #define PACKAGE_VERSION "2.28"
| #define PACKAGE_STRING "bfd 2.28"
| #define PACKAGE_BUGREPORT ""
| #define PACKAGE_URL ""
| #define PACKAGE "bfd"
| #define VERSION "2.28"
| #define STDC_HEADERS 1
| #define HAVE_SYS_TYPES_H 1
| #define HAVE_SYS_STAT_H 1
| #define HAVE_STDLIB_H 1
| #define HAVE_STRING_H 1
| #define HAVE_MEMORY_H 1
| #define HAVE_STRINGS_H 1
| #define HAVE_INTTYPES_H 1
| #define HAVE_STDINT_H 1
| #define HAVE_UNISTD_H 1
| #define __EXTENSIONS__ 1
| #define _ALL_SOURCE 1
| #define _GNU_SOURCE 1
| #define _POSIX_PTHREAD_SEMANTICS 1
| #define _TANDEM_SOURCE 1
| #define HAVE_DLFCN_H 1
| #define LT_OBJDIR ".libs/"
| #define HAVE_DLFCN_H 1
| #define USE_SECUREPLT 1
| #define ENABLE_NLS 1
| #define SIZEOF_LONG_LONG 8
| #define SIZEOF_VOID_P 8
| #define SIZEOF_LONG 8
| #define HAVE_ALLOCA_H 1
| #define HAVE_STDDEF_H 1
| #define HAVE_STRING_H 1
| #define HAVE_STRINGS_H 1
| #define HAVE_STDLIB_H 1
| #define HAVE_TIME_H 1
| #define HAVE_UNISTD_H 1
| #define HAVE_WCHAR_H 1
| #define HAVE_WCTYPE_H 1
| #define HAVE_FCNTL_H 1
| #define HAVE_SYS_FILE_H 1
| #define HAVE_SYS_TIME_H 1
| #define HAVE_SYS_STAT_H 1
| #define HAVE_SYS_RESOURCE_H 1
| /* end confdefs.h.  */
| #include <sys/types.h>
| #include <stdint.h>
| 
| int
| main ()
| {
| if (sizeof ((int_least32_t)))
| 	    return 0;
|   ;
|   return 0;
| }
configure:13121: result: yes
configure:13130: checking for int_fast32_t
configure:13130: gcc -c -g -O2  conftest.c >&5
configure:13130: $? = 0
configure:13130: gcc -c -g -O2  conftest.c >&5
conftest.c: In function 'main':
conftest.c:54:27: error: expected expression before ')' token
 if (sizeof ((int_fast32_t)))
                           ^
configure:13130: $? = 1
configure: failed program was:
| /* confdefs.h */
| #define PACKAGE_NAME "bfd"
| #define PACKAGE_TARNAME "bfd"
| #define PACKAGE_VERSION "2.28"
| #define PACKAGE_STRING "bfd 2.28"
| #define PACKAGE_BUGREPORT ""
| #define PACKAGE_URL ""
| #define PACKAGE "bfd"
| #define VERSION "2.28"
| #define STDC_HEADERS 1
| #define HAVE_SYS_TYPES_H 1
| #define HAVE_SYS_STAT_H 1
| #define HAVE_STDLIB_H 1
| #define HAVE_STRING_H 1
| #define HAVE_MEMORY_H 1
| #define HAVE_STRINGS_H 1
| #define HAVE_INTTYPES_H 1
| #define HAVE_STDINT_H 1
| #define HAVE_UNISTD_H 1
| #define __EXTENSIONS__ 1
| #define _ALL_SOURCE 1
| #define _GNU_SOURCE 1
| #define _POSIX_PTHREAD_SEMANTICS 1
| #define _TANDEM_SOURCE 1
| #define HAVE_DLFCN_H 1
| #define LT_OBJDIR ".libs/"
| #define HAVE_DLFCN_H 1
| #define USE_SECUREPLT 1
| #define ENABLE_NLS 1
| #define SIZEOF_LONG_LONG 8
| #define SIZEOF_VOID_P 8
| #define SIZEOF_LONG 8
| #define HAVE_ALLOCA_H 1
| #define HAVE_STDDEF_H 1
| #define HAVE_STRING_H 1
| #define HAVE_STRINGS_H 1
| #define HAVE_STDLIB_H 1
| #define HAVE_TIME_H 1
| #define HAVE_UNISTD_H 1
| #define HAVE_WCHAR_H 1
| #define HAVE_WCTYPE_H 1
| #define HAVE_FCNTL_H 1
| #define HAVE_SYS_FILE_H 1
| #define HAVE_SYS_TIME_H 1
| #define HAVE_SYS_STAT_H 1
| #define HAVE_SYS_RESOURCE_H 1
| /* end confdefs.h.  */
| #include <sys/types.h>
| #include <stdint.h>
| 
| int
| main ()
| {
| if (sizeof ((int_fast32_t)))
| 	    return 0;
|   ;
|   return 0;
| }
configure:13130: result: yes
configure:13139: checking for uint64_t
configure:13139: gcc -c -g -O2  conftest.c >&5
configure:13139: $? = 0
configure:13139: gcc -c -g -O2  conftest.c >&5
conftest.c: In function 'main':
conftest.c:54:23: error: expected expression before ')' token
 if (sizeof ((uint64_t)))
                       ^
configure:13139: $? = 1
configure: failed program was:
| /* confdefs.h */
| #define PACKAGE_NAME "bfd"
| #define PACKAGE_TARNAME "bfd"
| #define PACKAGE_VERSION "2.28"
| #define PACKAGE_STRING "bfd 2.28"
| #define PACKAGE_BUGREPORT ""
| #define PACKAGE_URL ""
| #define PACKAGE "bfd"
| #define VERSION "2.28"
| #define STDC_HEADERS 1
| #define HAVE_SYS_TYPES_H 1
| #define HAVE_SYS_STAT_H 1
| #define HAVE_STDLIB_H 1
| #define HAVE_STRING_H 1
| #define HAVE_MEMORY_H 1
| #define HAVE_STRINGS_H 1
| #define HAVE_INTTYPES_H 1
| #define HAVE_STDINT_H 1
| #define HAVE_UNISTD_H 1
| #define __EXTENSIONS__ 1
| #define _ALL_SOURCE 1
| #define _GNU_SOURCE 1
| #define _POSIX_PTHREAD_SEMANTICS 1
| #define _TANDEM_SOURCE 1
| #define HAVE_DLFCN_H 1
| #define LT_OBJDIR ".libs/"
| #define HAVE_DLFCN_H 1
| #define USE_SECUREPLT 1
| #define ENABLE_NLS 1
| #define SIZEOF_LONG_LONG 8
| #define SIZEOF_VOID_P 8
| #define SIZEOF_LONG 8
| #define HAVE_ALLOCA_H 1
| #define HAVE_STDDEF_H 1
| #define HAVE_STRING_H 1
| #define HAVE_STRINGS_H 1
| #define HAVE_STDLIB_H 1
| #define HAVE_TIME_H 1
| #define HAVE_UNISTD_H 1
| #define HAVE_WCHAR_H 1
| #define HAVE_WCTYPE_H 1
| #define HAVE_FCNTL_H 1
| #define HAVE_SYS_FILE_H 1
| #define HAVE_SYS_TIME_H 1
| #define HAVE_SYS_STAT_H 1
| #define HAVE_SYS_RESOURCE_H 1
| /* end confdefs.h.  */
| #include <sys/types.h>
| #include <stdint.h>
| 
| int
| main ()
| {
| if (sizeof ((uint64_t)))
| 	    return 0;
|   ;
|   return 0;
| }
configure:13139: result: yes
configure:13220: checking what to include in bfd_stdint.h
configure:13248: result: stdint.h (already complete)
configure:13496: checking whether time.h and sys/time.h may both be included
configure:13516: gcc -c -g -O2  conftest.c >&5
configure:13516: $? = 0
configure:13523: result: yes
configure:13534: checking for dirent.h that defines DIR
configure:13553: gcc -c -g -O2  conftest.c >&5
configure:13553: $? = 0
configure:13561: result: yes
configure:13575: checking for library containing opendir
configure:13606: gcc -o conftest -g -O2  -static-libstdc++ -static-libgcc  conftest.c -ldl  >&5
configure:13606: $? = 0
configure:13623: result: none required
configure:13691: checking whether string.h and strings.h may both be included
configure:13708: gcc -c -g -O2  conftest.c >&5
configure:13708: $? = 0
configure:13715: result: yes
configure:13726: checking for fcntl
configure:13726: gcc -o conftest -g -O2  -static-libstdc++ -static-libgcc  conftest.c -ldl  >&5
configure:13726: $? = 0
configure:13726: result: yes
configure:13726: checking for getpagesize
configure:13726: gcc -o conftest -g -O2  -static-libstdc++ -static-libgcc  conftest.c -ldl  >&5
configure:13726: $? = 0
configure:13726: result: yes
configure:13726: checking for setitimer
configure:13726: gcc -o conftest -g -O2  -static-libstdc++ -static-libgcc  conftest.c -ldl  >&5
configure:13726: $? = 0
configure:13726: result: yes
configure:13726: checking for sysconf
configure:13726: gcc -o conftest -g -O2  -static-libstdc++ -static-libgcc  conftest.c -ldl  >&5
configure:13726: $? = 0
configure:13726: result: yes
configure:13726: checking for fdopen
configure:13726: gcc -o conftest -g -O2  -static-libstdc++ -static-libgcc  conftest.c -ldl  >&5
configure:13726: $? = 0
configure:13726: result: yes
configure:13726: checking for getuid
configure:13726: gcc -o conftest -g -O2  -static-libstdc++ -static-libgcc  conftest.c -ldl  >&5
configure:13726: $? = 0
configure:13726: result: yes
configure:13726: checking for getgid
configure:13726: gcc -o conftest -g -O2  -static-libstdc++ -static-libgcc  conftest.c -ldl  >&5
configure:13726: $? = 0
configure:13726: result: yes
configure:13726: checking for fileno
configure:13726: gcc -o conftest -g -O2  -static-libstdc++ -static-libgcc  conftest.c -ldl  >&5
configure:13726: $? = 0
configure:13726: result: yes
configure:13739: checking for strtoull
configure:13739: gcc -o conftest -g -O2  -static-libstdc++ -static-libgcc  conftest.c -ldl  >&5
configure:13739: $? = 0
configure:13739: result: yes
configure:13739: checking for getrlimit
configure:13739: gcc -o conftest -g -O2  -static-libstdc++ -static-libgcc  conftest.c -ldl  >&5
configure:13739: $? = 0
configure:13739: result: yes
configure:13750: checking whether basename is declared
configure:13750: gcc -c -g -O2  conftest.c >&5
configure:13750: $? = 0
configure:13750: result: yes
configure:13761: checking whether ftello is declared
configure:13761: gcc -c -g -O2  conftest.c >&5
configure:13761: $? = 0
configure:13761: result: yes
configure:13772: checking whether ftello64 is declared
configure:13772: gcc -c -g -O2  conftest.c >&5
configure:13772: $? = 0
configure:13772: result: yes
configure:13783: checking whether fseeko is declared
configure:13783: gcc -c -g -O2  conftest.c >&5
configure:13783: $? = 0
configure:13783: result: yes
configure:13794: checking whether fseeko64 is declared
configure:13794: gcc -c -g -O2  conftest.c >&5
configure:13794: $? = 0
configure:13794: result: yes
configure:13814: checking whether ffs is declared
configure:13814: gcc -c -g -O2  conftest.c >&5
configure:13814: $? = 0
configure:13814: result: yes
configure:13825: checking whether free is declared
configure:13825: gcc -c -g -O2  conftest.c >&5
configure:13825: $? = 0
configure:13825: result: yes
configure:13836: checking whether getenv is declared
configure:13836: gcc -c -g -O2  conftest.c >&5
configure:13836: $? = 0
configure:13836: result: yes
configure:13847: checking whether malloc is declared
configure:13847: gcc -c -g -O2  conftest.c >&5
configure:13847: $? = 0
configure:13847: result: yes
configure:13858: checking whether realloc is declared
configure:13858: gcc -c -g -O2  conftest.c >&5
configure:13858: $? = 0
configure:13858: result: yes
configure:13869: checking whether stpcpy is declared
configure:13869: gcc -c -g -O2  conftest.c >&5
configure:13869: $? = 0
configure:13869: result: yes
configure:13880: checking whether strstr is declared
configure:13880: gcc -c -g -O2  conftest.c >&5
configure:13880: $? = 0
configure:13880: result: yes
configure:13891: checking whether asprintf is declared
configure:13891: gcc -c -g -O2  conftest.c >&5
configure:13891: $? = 0
configure:13891: result: yes
configure:13902: checking whether vasprintf is declared
configure:13902: gcc -c -g -O2  conftest.c >&5
configure:13902: $? = 0
configure:13902: result: yes
configure:13913: checking whether snprintf is declared
configure:13913: gcc -c -g -O2  conftest.c >&5
configure:13913: $? = 0
configure:13913: result: yes
configure:13924: checking whether vsnprintf is declared
configure:13924: gcc -c -g -O2  conftest.c >&5
configure:13924: $? = 0
configure:13924: result: yes
configure:13935: checking whether strnlen is declared
configure:13935: gcc -c -g -O2  conftest.c >&5
configure:13935: $? = 0
configure:13935: result: yes
configure:13968: checking linker --as-needed support
configure:13979: result: yes
configure:14070: checking for cos in -lm
configure:14095: gcc -o conftest -g -O2  -static-libstdc++ -static-libgcc  conftest.c -lm  -ldl  >&5
conftest.c:85:6: warning: conflicting types for built-in function 'cos' [enabled by default]
 char cos ();
      ^
configure:14095: $? = 0
configure:14104: result: yes
configure:14679: checking for gcc version with buggy 64-bit support
configure:14692: result: no
configure:15807: checking for ftello
configure:15807: gcc -o conftest -g -O2  -static-libstdc++ -static-libgcc  conftest.c -ldl  >&5
configure:15807: $? = 0
configure:15807: result: yes
configure:15807: checking for ftello64
configure:15807: gcc -o conftest -g -O2  -static-libstdc++ -static-libgcc  conftest.c -ldl  >&5
configure:15807: $? = 0
configure:15807: result: yes
configure:15807: checking for fseeko
configure:15807: gcc -o conftest -g -O2  -static-libstdc++ -static-libgcc  conftest.c -ldl  >&5
configure:15807: $? = 0
configure:15807: result: yes
configure:15807: checking for fseeko64
configure:15807: gcc -o conftest -g -O2  -static-libstdc++ -static-libgcc  conftest.c -ldl  >&5
configure:15807: $? = 0
configure:15807: result: yes
configure:15807: checking for fopen64
configure:15807: gcc -o conftest -g -O2  -static-libstdc++ -static-libgcc  conftest.c -ldl  >&5
configure:15807: $? = 0
configure:15807: result: yes
configure:15822: checking size of off_t
configure:15827: gcc -o conftest -g -O2  -static-libstdc++ -static-libgcc  conftest.c -ldl  >&5
configure:15827: $? = 0
configure:15827: ./conftest
configure:15827: $? = 0
configure:15842: result: 8
configure:15853: checking file_ptr type
configure:15862: result: BFD_HOST_64_BIT
configure:15870: checking for stdlib.h
configure:15870: result: yes
configure:15870: checking for unistd.h
configure:15870: result: yes
configure:15883: checking for getpagesize
configure:15883: result: yes
configure:15892: checking for working mmap
configure:16029: gcc -o conftest -g -O2  -static-libstdc++ -static-libgcc  conftest.c -ldl  >&5
configure:16029: $? = 0
configure:16029: ./conftest
configure:16029: $? = 0
configure:16039: result: yes
configure:16051: checking for madvise
configure:16051: gcc -o conftest -g -O2  -static-libstdc++ -static-libgcc  conftest.c -ldl  >&5
configure:16051: $? = 0
configure:16051: result: yes
configure:16051: checking for mprotect
configure:16051: gcc -o conftest -g -O2  -static-libstdc++ -static-libgcc  conftest.c -ldl  >&5
configure:16051: $? = 0
configure:16051: result: yes
configure:16144: updating cache ./config.cache
configure:16213: creating ./config.status

## ---------------------- ##
## Running config.status. ##
## ---------------------- ##

This file was extended by bfd config.status 2.28, which was
generated by GNU Autoconf 2.64.  Invocation command line was

  CONFIG_FILES    = 
  CONFIG_HEADERS  = 
  CONFIG_LINKS    = 
  CONFIG_COMMANDS = 
  $ ./config.status 

on Zachs_Computer.suse

config.status:1233: creating Makefile
config.status:1233: creating doc/Makefile
config.status:1233: creating bfd-in3.h
config.status:1233: creating po/Makefile.in
config.status:1233: creating config.h
config.status:1446: executing depfiles commands
config.status:1446: executing libtool commands
config.status:1446: executing default-1 commands
config.status:1446: executing bfd_stdint.h commands
config.status:1446: executing default commands

## ---------------- ##
## Cache variables. ##
## ---------------- ##

ac_cv_build=x86_64-unknown-linux-gnu
ac_cv_c_compiler_gnu=yes
ac_cv_env_CC_set=set
ac_cv_env_CC_value=gcc
ac_cv_env_CFLAGS_set=set
ac_cv_env_CFLAGS_value='-g -O2'
ac_cv_env_CPPFLAGS_set=
ac_cv_env_CPPFLAGS_value=
ac_cv_env_CPP_set=
ac_cv_env_CPP_value=
ac_cv_env_LDFLAGS_set=set
ac_cv_env_LDFLAGS_value='-static-libstdc++ -static-libgcc '
ac_cv_env_LIBS_set=
ac_cv_env_LIBS_value=
ac_cv_env_build_alias_set=set
ac_cv_env_build_alias_value=x86_64-unknown-linux-gnu
ac_cv_env_host_alias_set=set
ac_cv_env_host_alias_value=x86_64-unknown-linux-gnu
ac_cv_env_target_alias_set=set
ac_cv_env_target_alias_value=i386-zblpe
ac_cv_func_dlopen=no
ac_cv_func_fcntl=yes
ac_cv_func_fdopen=yes
ac_cv_func_fileno=yes
ac_cv_func_fopen64=yes
ac_cv_func_fseeko64=yes
ac_cv_func_fseeko=yes
ac_cv_func_ftello64=yes
ac_cv_func_ftello=yes
ac_cv_func_getgid=yes
ac_cv_func_getpagesize=yes
ac_cv_func_getrlimit=yes
ac_cv_func_getuid=yes
ac_cv_func_madvise=yes
ac_cv_func_mmap_fixed_mapped=yes
ac_cv_func_mprotect=yes
ac_cv_func_setitimer=yes
ac_cv_func_shl_load=no
ac_cv_func_strtoull=yes
ac_cv_func_sysconf=yes
ac_cv_have_decl_asprintf=yes
ac_cv_have_decl_basename=yes
ac_cv_have_decl_ffs=yes
ac_cv_have_decl_free=yes
ac_cv_have_decl_fseeko64=yes
ac_cv_have_decl_fseeko=yes
ac_cv_have_decl_ftello64=yes
ac_cv_have_decl_ftello=yes
ac_cv_have_decl_getenv=yes
ac_cv_have_decl_malloc=yes
ac_cv_have_decl_realloc=yes
ac_cv_have_decl_snprintf=yes
ac_cv_have_decl_stpcpy=yes
ac_cv_have_decl_strnlen=yes
ac_cv_have_decl_strstr=yes
ac_cv_have_decl_vasprintf=yes
ac_cv_have_decl_vsnprintf=yes
ac_cv_header_alloca_h=yes
ac_cv_header_dirent_dirent_h=yes
ac_cv_header_dlfcn_h=yes
ac_cv_header_fcntl_h=yes
ac_cv_header_inttypes_h=yes
ac_cv_header_memory_h=yes
ac_cv_header_minix_config_h=no
ac_cv_header_stdc=yes
ac_cv_header_stddef_h=yes
ac_cv_header_stdint_h=yes
ac_cv_header_stdlib_h=yes
ac_cv_header_string_h=yes
ac_cv_header_strings_h=yes
ac_cv_header_sys_file_h=yes
ac_cv_header_sys_resource_h=yes
ac_cv_header_sys_stat_h=yes
ac_cv_header_sys_time_h=yes
ac_cv_header_sys_types_h=yes
ac_cv_header_time=yes
ac_cv_header_time_h=yes
ac_cv_header_unistd_h=yes
ac_cv_header_wchar_h=yes
ac_cv_header_wctype_h=yes
ac_cv_header_windows_h=no
ac_cv_host=x86_64-unknown-linux-gnu
ac_cv_lib_dl_dlopen=yes
ac_cv_lib_dld_shl_load=no
ac_cv_lib_m_cos=yes
ac_cv_objext=o
ac_cv_path_EGREP='/usr/bin/grep -E'
ac_cv_path_FGREP='/usr/bin/grep -F'
ac_cv_path_GMSGFMT=/usr/bin/msgfmt
ac_cv_path_GREP=/usr/bin/grep
ac_cv_path_MSGFMT=/usr/bin/msgfmt
ac_cv_path_MSGMERGE=/usr/bin/msgmerge
ac_cv_path_SED=/usr/bin/sed
ac_cv_path_XGETTEXT=/usr/bin/xgettext
ac_cv_path_mkdir=/usr/bin/mkdir
ac_cv_prog_AR=ar
ac_cv_prog_AWK=gawk
ac_cv_prog_CC=gcc
ac_cv_prog_CPP='gcc -E'
ac_cv_prog_OBJDUMP=objdump
ac_cv_prog_RANLIB=ranlib
ac_cv_prog_ac_ct_STRIP=strip
ac_cv_prog_cc_c89=
ac_cv_prog_cc_g=yes
ac_cv_prog_make_make_set=yes
ac_cv_safe_to_define___extensions__=yes
ac_cv_search_dlopen=-ldl
ac_cv_search_opendir='none required'
ac_cv_search_strerror='none required'
ac_cv_sizeof_long=8
ac_cv_sizeof_long_long=8
ac_cv_sizeof_off_t=8
ac_cv_sizeof_void_p=8
ac_cv_sys_file_offset_bits=no
ac_cv_sys_largefile_CC=no
ac_cv_target=i386-pc-zblpe
ac_cv_type_int_fast32_t=yes
ac_cv_type_int_least32_t=yes
ac_cv_type_u_int64_t=no
ac_cv_type_uint64_t=yes
ac_cv_type_uintmax_t=yes
ac_cv_type_uintptr_t=yes
acx_cv_header_stdint=stdint.h
acx_cv_header_stdint_kind='(already complete)'
am_cv_CC_dependencies_compiler_type=gcc3
bfd_cv_ld_as_needed=yes
gcc_cv_header_string=yes
lt_cv_deplibs_check_method=pass_all
lt_cv_dlopen=dlopen
lt_cv_dlopen_libs=-ldl
lt_cv_dlopen_self=yes
lt_cv_dlopen_self_static=yes
lt_cv_file_magic_cmd='$MAGIC_CMD'
lt_cv_file_magic_test_file=
lt_cv_ld_reload_flag=-r
lt_cv_nm_interface='BSD nm'
lt_cv_objdir=.libs
lt_cv_path_LD=/usr/lib64/gcc/x86_64-suse-linux/4.8/../../../../x86_64-suse-linux/bin/ld
lt_cv_path_NM=nm
lt_cv_prog_compiler_c_o=yes
lt_cv_prog_compiler_pic_works=yes
lt_cv_prog_compiler_rtti_exceptions=no
lt_cv_prog_compiler_static_works=no
lt_cv_prog_gnu_ld=yes
lt_cv_shlibpath_overrides_runpath=yes
lt_cv_sys_global_symbol_pipe='sed -n -e '\''s/^.*[	 ]\([ABCDGIRSTW][ABCDGIRSTW]*\)[	 ][	 ]*\([_A-Za-z][_A-Za-z0-9]*\)$/\1 \2 \2/p'\'''
lt_cv_sys_global_symbol_to_c_name_address='sed -n -e '\''s/^: \([^ ]*\) $/  {\"\1\", (void *) 0},/p'\'' -e '\''s/^[ABCDGIRSTW]* \([^ ]*\) \([^ ]*\)$/  {"\2", (void *) \&\2},/p'\'''
lt_cv_sys_global_symbol_to_c_name_address_lib_prefix='sed -n -e '\''s/^: \([^ ]*\) $/  {\"\1\", (void *) 0},/p'\'' -e '\''s/^[ABCDGIRSTW]* \([^ ]*\) \(lib[^ ]*\)$/  {"\2", (void *) \&\2},/p'\'' -e '\''s/^[ABCDGIRSTW]* \([^ ]*\) \([^ ]*\)$/  {"lib\2", (void *) \&\2},/p'\'''
lt_cv_sys_global_symbol_to_cdecl='sed -n -e '\''s/^T .* \(.*\)$/extern int \1();/p'\'' -e '\''s/^[ABCDGIRSTW]* .* \(.*\)$/extern char \1;/p'\'''
lt_cv_sys_max_cmd_len=1572864

## ----------------- ##
## Output variables. ##
## ----------------- ##

ACLOCAL='${SHELL} /work/zbl/toolchains/binutils.zblpe/missing --run aclocal-1.11'
AMDEPBACKSLASH='\'
AMDEP_FALSE='#'
AMDEP_TRUE=''
AMTAR='$${TAR-tar}'
AR='ar'
AUTOCONF='${SHELL} /work/zbl/toolchains/binutils.zblpe/missing --run autoconf'
AUTOHEADER='${SHELL} /work/zbl/toolchains/binutils.zblpe/missing --run autoheader'
AUTOMAKE='${SHELL} /work/zbl/toolchains/binutils.zblpe/missing --run automake-1.11'
AWK='gawk'
BFD_HOSTPTR_T='unsigned long'
BFD_HOST_64BIT_LONG='1'
BFD_HOST_64BIT_LONG_LONG='0'
BFD_HOST_64_BIT='long'
BFD_HOST_64_BIT_DEFINED='1'
BFD_HOST_U_64_BIT='unsigned long'
CATALOGS=' da.gmo es.gmo fi.gmo fr.gmo id.gmo ja.gmo ro.gmo ru.gmo rw.gmo sr.gmo sv.gmo tr.gmo uk.gmo vi.gmo zh_CN.gmo da.gmo es.gmo fi.gmo fr.gmo id.gmo ja.gmo ro.gmo ru.gmo rw.gmo sr.gmo sv.gmo tr.gmo uk.gmo vi.gmo zh_CN.gmo'
CATOBJEXT='.gmo'
CC='gcc'
CCDEPMODE='depmode=gcc3'
CC_FOR_BUILD='gcc'
CFLAGS='-g -O2'
COREFILE=''
COREFLAG=''
CPP='gcc -E'
CPPFLAGS=''
CYGPATH_W='echo'
DATADIRNAME='share'
DEBUGDIR='${exec_prefix}/lib64/debug'
DEFS='-DHAVE_CONFIG_H'
DEPDIR='.deps'
DSYMUTIL=''
DUMPBIN=''
ECHO_C=''
ECHO_N='-n'
ECHO_T=''
EGREP='/usr/bin/grep -E'
EXEEXT=''
EXEEXT_FOR_BUILD='$(EXEEXT)'
FGREP='/usr/bin/grep -F'
GENCAT='gencat'
GENINSRC_NEVER_FALSE=''
GENINSRC_NEVER_TRUE='#'
GMSGFMT='/usr/bin/msgfmt'
GREP='/usr/bin/grep'
HDEFINES=''
INCINTL=''
INSTALL_DATA='/usr/bin/install -c -m 644'
INSTALL_LIBBFD_FALSE=''
INSTALL_LIBBFD_TRUE='#'
INSTALL_PROGRAM='/usr/bin/install -c'
INSTALL_SCRIPT='/usr/bin/install -c'
INSTALL_STRIP_PROGRAM='$(install_sh) -c -s'
INSTOBJEXT='.mo'
LD='/usr/lib64/gcc/x86_64-suse-linux/4.8/../../../../x86_64-suse-linux/bin/ld -m elf_x86_64'
LDFLAGS='-static-libstdc++ -static-libgcc '
LIBINTL=''
LIBINTL_DEP=''
LIBM='-lm'
LIBOBJS=''
LIBS='-ldl '
LIBTOOL='$(SHELL) $(top_builddir)/libtool'
LIPO=''
LN_S='ln -s'
LTLIBOBJS=''
MAINT='#'
MAINTAINER_MODE_FALSE=''
MAINTAINER_MODE_TRUE='#'
MAKEINFO='makeinfo --split-size=5000000'
MKDIR_P='/usr/bin/mkdir -p'
MKINSTALLDIRS='$(top_builddir)/../../bfd/../mkinstalldirs'
MSGFMT='/usr/bin/msgfmt'
MSGMERGE='/usr/bin/msgmerge'
NM='nm'
NMEDIT=''
NO_WERROR=''
OBJDUMP='objdump'
OBJEXT='o'
OTOOL64=''
OTOOL=''
PACKAGE='bfd'
PACKAGE_BUGREPORT=''
PACKAGE_NAME='bfd'
PACKAGE_STRING='bfd 2.28'
PACKAGE_TARNAME='bfd'
PACKAGE_URL=''
PACKAGE_VERSION='2.28'
PATH_SEPARATOR=':'
PKGVERSION='(GNU Binutils) '
PLUGINS_FALSE='#'
PLUGINS_TRUE=''
POSUB='po'
RANLIB='ranlib'
REPORT_BUGS_TEXI='@uref{http://www.sourceware.org/bugzilla/}'
REPORT_BUGS_TO='<http://www.sourceware.org/bugzilla/>'
SED='/usr/bin/sed'
SET_MAKE=''
SHARED_LDFLAGS=''
SHARED_LIBADD=''
SHELL='/bin/sh'
STRIP='strip'
TDEFINES='  '
USE_NLS='yes'
VERSION='2.28'
WARN_CFLAGS='-W -Wall -Wstrict-prototypes -Wmissing-prototypes -Wshadow'
WARN_CFLAGS_FOR_BUILD='-W -Wall -Wstrict-prototypes -Wmissing-prototypes -Wshadow'
WARN_WRITE_STRINGS='-Wwrite-strings'
XGETTEXT='/usr/bin/xgettext'
ac_ct_CC=''
ac_ct_DUMPBIN=''
all_backends='$(BFD64_BACKENDS) $(BFD32_BACKENDS)'
am__EXEEXT_FALSE=''
am__EXEEXT_TRUE='#'
am__fastdepCC_FALSE='#'
am__fastdepCC_TRUE=''
am__include='include'
am__isrc=' -I$(srcdir)'
am__leading_dot='.'
am__nodep='_no'
am__quote=''
am__tar='$${TAR-tar} chof - "$$tardir"'
am__untar='$${TAR-tar} xf -'
bfd64_libs='$(BFD64_LIBS)'
bfd_backends=' pe-i386.lo peigen.lo cofflink.lo coffgen.lo dwarf2.lo pei-i386.lo elf32-i386.lo elf-ifunc.lo elf-nacl.lo elf-vxworks.lo elf32.lo elf.lo elflink.lo elf-attrs.lo elf-strtab.lo elf-eh-frame.lo dwarf1.lo elf32-gen.lo plugin.lo'
bfd_default_target_size='32'
bfd_file_ptr='BFD_HOST_64_BIT'
bfd_machines=' cpu-i386.lo cpu-iamcu.lo cpu-plugin.lo'
bfd_ufile_ptr='BFD_HOST_U_64_BIT'
bfdincludedir='$(exec_prefix)/$(host_noncanonical)/$(target_noncanonical)/include'
bfdlibdir='$(exec_prefix)/$(host_noncanonical)/$(target_noncanonical)/lib'
bindir='${exec_prefix}/bin'
build='x86_64-unknown-linux-gnu'
build_alias='x86_64-unknown-linux-gnu'
build_cpu='x86_64'
build_os='linux-gnu'
build_vendor='unknown'
datadir='${datarootdir}'
datarootdir='${prefix}/share'
docdir='${datarootdir}/doc/${PACKAGE_TARNAME}'
dvidir='${docdir}'
exec_prefix='${prefix}'
havevecs='-DHAVE_i386_pe_vec -DHAVE_i386_pei_vec -DHAVE_i386_elf32_vec -DHAVE_iamcu_elf32_vec -DHAVE_elf32_le_vec -DHAVE_elf32_be_vec -DHAVE_plugin_vec'
host='x86_64-unknown-linux-gnu'
host_alias='x86_64-unknown-linux-gnu'
host_cpu='x86_64'
host_noncanonical='x86_64-unknown-linux-gnu'
host_os='linux-gnu'
host_vendor='unknown'
htmldir='${docdir}'
includedir='${prefix}/include'
infodir='${datarootdir}/info'
install_sh='${SHELL} /work/zbl/toolchains/binutils.zblpe/install-sh'
libdir='${exec_prefix}/lib64'
libexecdir='${exec_prefix}/lib'
localedir='${datarootdir}/locale'
localstatedir='${prefix}/var'
lt_cv_dlopen_libs='-ldl'
mandir='${datarootdir}/man'
mkdir_p='/usr/bin/mkdir -p'
oldincludedir='/usr/include'
pdfdir='${docdir}'
prefix='/usr/local'
program_transform_name='s&^&i386-zblpe-&'
psdir='${docdir}'
sbindir='${exec_prefix}/sbin'
sharedstatedir='${prefix}/com'
supports_plugins='1'
sysconfdir='${prefix}/etc'
target='i386-pc-zblpe'
target_alias='i386-zblpe'
target_cpu='i386'
target_noncanonical='i386-zblpe'
target_os='zblpe'
target_vendor='pc'
tdefaults=' -DDEFAULT_VECTOR=i386_pe_vec -DSELECT_VECS='\''&i386_pe_vec,&i386_pei_vec,&i386_elf32_vec,&iamcu_elf32_vec,&elf32_le_vec,&elf32_be_vec,&plugin_vec'\'' -DSELECT_ARCHITECTURES='\''&bfd_i386_arch,&bfd_iamcu_arch,&bfd_plugin_arch'\'''
wordsize='64'
zlibdir='-L$(top_builddir)/../zlib'
zlibinc='-I$(top_srcdir)/../zlib'

## ----------- ##
## confdefs.h. ##
## ----------- ##

/* confdefs.h */
#define PACKAGE_NAME "bfd"
#define PACKAGE_TARNAME "bfd"
#define PACKAGE_VERSION "2.28"
#define PACKAGE_STRING "bfd 2.28"
#define PACKAGE_BUGREPORT ""
#define PACKAGE_URL ""
#define PACKAGE "bfd"
#define VERSION "2.28"
#define STDC_HEADERS 1
#define HAVE_SYS_TYPES_H 1
#define HAVE_SYS_STAT_H 1
#define HAVE_STDLIB_H 1
#define HAVE_STRING_H 1
#define HAVE_MEMORY_H 1
#define HAVE_STRINGS_H 1
#define HAVE_INTTYPES_H 1
#define HAVE_STDINT_H 1
#define HAVE_UNISTD_H 1
#define __EXTENSIONS__ 1
#define _ALL_SOURCE 1
#define _GNU_SOURCE 1
#define _POSIX_PTHREAD_SEMANTICS 1
#define _TANDEM_SOURCE 1
#define HAVE_DLFCN_H 1
#define LT_OBJDIR ".libs/"
#define HAVE_DLFCN_H 1
#define USE_SECUREPLT 1
#define ENABLE_NLS 1
#define SIZEOF_LONG_LONG 8
#define SIZEOF_VOID_P 8
#define SIZEOF_LONG 8
#define HAVE_ALLOCA_H 1
#define HAVE_STDDEF_H 1
#define HAVE_STRING_H 1
#define HAVE_STRINGS_H 1
#define HAVE_STDLIB_H 1
#define HAVE_TIME_H 1
#define HAVE_UNISTD_H 1
#define HAVE_WCHAR_H 1
#define HAVE_WCTYPE_H 1
#define HAVE_FCNTL_H 1
#define HAVE_SYS_FILE_H 1
#define HAVE_SYS_TIME_H 1
#define HAVE_SYS_STAT_H 1
#define HAVE_SYS_RESOURCE_H 1
#define TIME_WITH_SYS_TIME 1
#define HAVE_DIRENT_H 1
#define STRING_WITH_STRINGS 1
#define HAVE_FCNTL 1
#define HAVE_GETPAGESIZE 1
#define HAVE_SETITIMER 1
#define HAVE_SYSCONF 1
#define HAVE_FDOPEN 1
#define HAVE_GETUID 1
#define HAVE_GETGID 1
#define HAVE_FILENO 1
#define HAVE_STRTOULL 1
#define HAVE_GETRLIMIT 1
#define HAVE_DECL_BASENAME 1
#define HAVE_DECL_FTELLO 1
#define HAVE_DECL_FTELLO64 1
#define HAVE_DECL_FSEEKO 1
#define HAVE_DECL_FSEEKO64 1
#define HAVE_DECL_FFS 1
#define HAVE_DECL_FREE 1
#define HAVE_DECL_GETENV 1
#define HAVE_DECL_MALLOC 1
#define HAVE_DECL_REALLOC 1
#define HAVE_DECL_STPCPY 1
#define HAVE_DECL_STRSTR 1
#define HAVE_DECL_ASPRINTF 1
#define HAVE_DECL_VASPRINTF 1
#define HAVE_DECL_SNPRINTF 1
#define HAVE_DECL_VSNPRINTF 1
#define HAVE_DECL_STRNLEN 1
#define HAVE_FTELLO 1
#define HAVE_FTELLO64 1
#define HAVE_FSEEKO 1
#define HAVE_FSEEKO64 1
#define HAVE_FOPEN64 1
#define SIZEOF_OFF_T 8
#define HAVE_STDLIB_H 1
#define HAVE_UNISTD_H 1
#define HAVE_GETPAGESIZE 1
#define HAVE_MMAP 1
#define HAVE_MADVISE 1
#define HAVE_MPROTECT 1

configure: exit 0

## ---------------------- ##
## Running config.status. ##
## ---------------------- ##

This file was extended by bfd config.status 2.28, which was
generated by GNU Autoconf 2.64.  Invocation command line was

  CONFIG_FILES    = po/Makefile.in:po/Make-in
  CONFIG_HEADERS  = 
  CONFIG_LINKS    = 
  CONFIG_COMMANDS = 
  $ ./config.status 

on Zachs_Computer.suse

config.status:1233: creating po/Makefile.in
config.status:1446: executing depfiles commands
config.status:1446: executing libtool commands
config.status:1446: executing default-1 commands
config.status:1446: executing bfd_stdint.h commands
config.status:1446: executing default commands
